(4.8328, 0.5599, 1.9347)	Architecture [2-4]	 Time 7.3437	 Loss 1.4766	 flops 721306432.0
(0.0126, 0.3389, 1.5232)	Architecture [2-9]	 Time 1.8940	 Loss 1.4099	 flops 721287936.0
(0.0127, 0.2195, 0.9665)	Architecture [2-14]	 Time 1.2152	 Loss 1.3821	 flops 721271936.0
(0.0126, 0.1645, 0.8675)	Architecture [2-19]	 Time 1.0618	 Loss 1.3994	 flops 721214144.0
(0.0127, 0.1750, 0.9435)	Architecture [2-24]	 Time 1.1486	 Loss 1.3657	 flops 721169344.0
(0.0127, 0.1309, 0.9137)	Architecture [2-29]	 Time 1.0759	 Loss 1.4080	 flops 721154112.0
(0.0126, 0.2820, 0.8829)	Architecture [2-34]	 Time 1.1940	 Loss 1.4239	 flops 721096192.0
(0.0385, 0.1385, 0.8938)	Architecture [2-39]	 Time 1.0883	 Loss 1.4086	 flops 721105024.0
(0.0127, 0.2472, 0.9397)	Architecture [2-44]	 Time 1.2184	 Loss 1.4393	 flops 721072256.0
(0.0127, 0.1360, 0.8880)	Architecture [2-49]	 Time 1.0548	 Loss 1.4200	 flops 721025344.0
(0.0127, 0.1397, 0.9408)	Architecture [2-54]	 Time 1.1105	 Loss 1.4247	 flops 720986944.0
(0.0126, 0.2429, 0.8793)	Architecture [2-59]	 Time 1.1552	 Loss 1.4375	 flops 720960512.0
(0.0126, 0.1706, 0.9085)	Architecture [2-64]	 Time 1.1096	 Loss 1.4346	 flops 720916992.0
(0.0126, 0.2670, 0.8657)	Architecture [2-69]	 Time 1.1625	 Loss 1.4124	 flops 720881536.0
(0.0128, 0.1423, 0.8834)	Architecture [2-74]	 Time 1.0582	 Loss 1.4330	 flops 720818560.0
(0.0127, 0.1840, 0.9242)	Architecture [2-79]	 Time 1.1372	 Loss 1.3874	 flops 720801088.0
(0.0137, 0.1254, 0.9250)	Architecture [2-84]	 Time 1.0804	 Loss 1.3898	 flops 720773376.0
(0.0126, 0.1573, 0.8495)	Architecture [2-89]	 Time 1.0380	 Loss 1.3929	 flops 720724736.0
(0.0126, 0.2849, 0.9177)	Architecture [2-94]	 Time 1.2347	 Loss 1.3957	 flops 720666368.0
(0.0128, 0.1445, 0.9134)	Architecture [2-99]	 Time 1.0876	 Loss 1.4125	 flops 720624640.0
(0.0126, 0.1389, 0.8947)	Architecture [2-104]	 Time 1.0619	 Loss 1.4148	 flops 720582656.0
(0.0127, 0.1579, 0.8833)	Architecture [2-109]	 Time 1.0709	 Loss 1.3748	 flops 720555392.0
(0.0127, 0.1640, 0.8895)	Architecture [2-114]	 Time 1.0849	 Loss 1.4046	 flops 720563904.0
(0.0127, 0.2717, 0.9043)	Architecture [2-119]	 Time 1.2039	 Loss 1.3925	 flops 720542976.0
(0.0127, 0.1406, 0.9018)	Architecture [2-124]	 Time 1.0763	 Loss 1.3802	 flops 720477312.0
(0.0424, 0.2000, 0.9517)	Architecture [2-129]	 Time 1.2104	 Loss 1.3731	 flops 720443008.0
(0.0126, 0.1424, 1.0004)	Architecture [2-134]	 Time 1.1731	 Loss 1.3935	 flops 720397312.0
(0.0127, 0.1702, 0.8865)	Architecture [2-139]	 Time 1.0850	 Loss 1.3560	 flops 720365376.0
(0.0126, 0.1578, 0.9842)	Architecture [2-144]	 Time 1.1700	 Loss 1.4006	 flops 720334400.0
(0.0126, 0.1371, 0.8894)	Architecture [2-149]	 Time 1.0538	 Loss 1.4639	 flops 720295104.0
(0.0126, 0.2356, 0.8647)	Architecture [2-154]	 Time 1.1283	 Loss 1.3953	 flops 720333568.0
(0.0126, 0.1368, 0.9156)	Architecture [2-159]	 Time 1.0804	 Loss 1.4042	 flops 720270080.0
(0.0126, 0.1250, 0.8689)	Architecture [2-164]	 Time 1.0222	 Loss 1.3959	 flops 720243520.0
(0.0126, 0.1325, 0.8990)	Architecture [2-169]	 Time 1.0588	 Loss 1.4342	 flops 720181952.0
(0.0126, 0.1393, 0.8606)	Architecture [2-174]	 Time 1.0283	 Loss 1.3972	 flops 720157376.0
(0.0127, 0.2379, 0.9122)	Architecture [2-179]	 Time 1.1776	 Loss 1.4209	 flops 720124864.0
(0.0127, 0.1320, 0.8825)	Architecture [2-184]	 Time 1.0429	 Loss 1.3994	 flops 720086272.0
(0.0126, 0.1298, 0.8514)	Architecture [2-189]	 Time 1.0076	 Loss 1.4230	 flops 720031232.0
(0.0126, 0.1327, 0.8700)	Architecture [2-194]	 Time 1.0292	 Loss 1.4079	 flops 719991744.0
(0.0126, 0.1298, 0.8974)	Architecture [2-199]	 Time 1.0541	 Loss 1.3946	 flops 719961408.0
(0.0126, 0.2610, 0.8767)	Architecture [2-204]	 Time 1.1650	 Loss 1.4018	 flops 719872960.0
(0.0190, 0.1353, 0.9554)	Architecture [2-209]	 Time 1.1249	 Loss 1.4113	 flops 719802432.0
(0.0126, 0.2469, 0.8670)	Architecture [2-214]	 Time 1.1428	 Loss 1.3975	 flops 719736896.0
(0.0126, 0.1313, 0.8906)	Architecture [2-219]	 Time 1.0489	 Loss 1.3920	 flops 719678144.0
(0.0126, 0.1343, 0.9892)	Architecture [2-224]	 Time 1.1523	 Loss 1.4250	 flops 719645824.0
(0.0149, 0.1797, 0.9338)	Architecture [2-229]	 Time 1.1442	 Loss 1.4117	 flops 719591936.0
(0.0127, 0.1260, 0.8777)	Architecture [2-234]	 Time 1.0328	 Loss 1.3981	 flops 719542912.0
(0.0126, 0.2069, 0.9147)	Architecture [2-239]	 Time 1.1487	 Loss 1.3952	 flops 719474240.0
(0.0127, 0.1427, 0.9396)	Architecture [2-244]	 Time 1.1090	 Loss 1.4082	 flops 719396224.0
(0.0126, 0.1326, 0.9095)	Architecture [2-249]	 Time 1.0700	 Loss 1.4074	 flops 719361728.0
(0.0126, 0.1316, 0.9157)	Architecture [2-254]	 Time 1.0771	 Loss 1.4070	 flops 719271616.0
(0.0126, 0.1640, 0.9906)	Architecture [2-259]	 Time 1.1819	 Loss 1.3703	 flops 719201536.0
(0.0126, 0.2139, 0.9100)	Architecture [2-264]	 Time 1.1527	 Loss 1.4247	 flops 719152640.0
(0.0126, 0.1662, 0.9173)	Architecture [2-269]	 Time 1.1116	 Loss 1.4209	 flops 719102720.0
(0.0126, 0.2965, 0.8503)	Architecture [2-274]	 Time 1.1745	 Loss 1.4402	 flops 719036416.0
(0.0127, 0.1281, 0.8660)	Architecture [2-279]	 Time 1.0220	 Loss 1.4147	 flops 718975744.0
(0.0126, 0.1341, 0.9207)	Architecture [2-284]	 Time 1.0824	 Loss 1.4177	 flops 718916096.0
(0.0126, 0.1436, 1.0239)	Architecture [2-289]	 Time 1.1952	 Loss 1.4378	 flops 718868480.0
(0.0128, 0.1559, 0.8827)	Architecture [2-294]	 Time 1.0663	 Loss 1.4453	 flops 718758848.0
(0.0126, 0.2073, 0.9459)	Architecture [2-299]	 Time 1.1798	 Loss 1.4064	 flops 718707456.0
(0.0126, 0.1396, 0.9233)	Architecture [2-304]	 Time 1.0909	 Loss 1.4098	 flops 718639488.0
(0.0127, 0.1354, 0.8956)	Architecture [2-309]	 Time 1.0589	 Loss 1.3936	 flops 718576960.0
(0.0126, 0.1327, 0.9116)	Architecture [2-314]	 Time 1.1007	 Loss 1.4167	 flops 718521472.0
(0.0126, 0.1421, 0.8961)	Architecture [2-319]	 Time 1.0651	 Loss 1.4236	 flops 718466880.0
(0.0126, 0.2026, 0.9125)	Architecture [2-324]	 Time 1.1425	 Loss 1.4279	 flops 718427072.0
(0.0126, 0.1358, 0.9160)	Architecture [2-329]	 Time 1.0804	 Loss 1.3904	 flops 718360000.0
(0.0126, 0.1409, 0.8426)	Architecture [2-334]	 Time 1.0102	 Loss 1.3956	 flops 718290560.0
(0.0126, 0.1483, 0.9535)	Architecture [2-339]	 Time 1.1283	 Loss 1.4124	 flops 718221824.0
(0.0309, 0.1299, 0.9084)	Architecture [2-344]	 Time 1.0844	 Loss 1.4038	 flops 718130304.0
(0.0126, 0.2226, 0.9203)	Architecture [2-349]	 Time 1.1699	 Loss 1.4004	 flops 718078144.0
(0.0126, 0.1271, 0.9455)	Architecture [2-354]	 Time 1.1005	 Loss 1.4099	 flops 718029568.0
(0.0126, 0.2419, 0.8740)	Architecture [2-359]	 Time 1.1435	 Loss 1.4026	 flops 718010816.0
(0.0126, 0.1464, 0.9780)	Architecture [2-364]	 Time 1.1517	 Loss 1.4201	 flops 717966272.0
(0.0126, 0.1419, 0.9432)	Architecture [2-369]	 Time 1.1124	 Loss 1.4020	 flops 717913088.0
(0.0126, 0.1281, 0.8657)	Architecture [2-374]	 Time 1.0214	 Loss 1.4156	 flops 717855936.0
(0.0126, 0.1323, 0.9540)	Architecture [2-379]	 Time 1.1137	 Loss 1.4362	 flops 717814080.0
(0.0128, 0.2124, 0.9122)	Architecture [2-384]	 Time 1.1524	 Loss 1.4383	 flops 717772928.0
(0.0126, 0.1450, 0.9118)	Architecture [2-389]	 Time 1.0837	 Loss 1.3975	 flops 717705024.0
(0.0126, 0.1350, 0.8706)	Architecture [2-394]	 Time 1.0342	 Loss 1.4028	 flops 717651264.0
(0.0126, 0.1648, 0.9130)	Architecture [2-399]	 Time 1.1049	 Loss 1.3826	 flops 717587968.0
(0.0314, 0.1319, 0.9312)	Architecture [2-404]	 Time 1.1094	 Loss 1.4356	 flops 717512832.0
(0.0126, 0.2298, 0.8872)	Architecture [2-409]	 Time 1.1453	 Loss 1.3799	 flops 717454784.0
(0.0126, 0.1382, 0.9195)	Architecture [2-414]	 Time 1.0852	 Loss 1.3718	 flops 717425600.0
(0.0126, 0.2344, 0.8912)	Architecture [2-419]	 Time 1.1538	 Loss 1.3621	 flops 717391168.0
(0.0339, 0.1446, 0.8922)	Architecture [2-424]	 Time 1.0858	 Loss 1.3861	 flops 717292928.0
(0.0126, 0.1697, 0.8940)	Architecture [2-429]	 Time 1.0942	 Loss 1.3813	 flops 717270272.0
(0.0126, 0.1369, 0.9568)	Architecture [2-434]	 Time 1.1220	 Loss 1.3738	 flops 717212416.0
(0.0126, 0.1757, 0.8753)	Architecture [2-439]	 Time 1.0793	 Loss 1.3935	 flops 717152256.0
(0.0135, 0.2662, 0.8669)	Architecture [2-444]	 Time 1.1618	 Loss 1.3788	 flops 717044928.0
(0.0126, 0.1390, 0.9042)	Architecture [2-449]	 Time 1.0704	 Loss 1.4079	 flops 717017728.0
(0.0126, 0.1342, 0.9385)	Architecture [2-454]	 Time 1.0999	 Loss 1.3987	 flops 716957760.0
(0.0126, 0.1748, 0.8896)	Architecture [2-459]	 Time 1.0918	 Loss 1.3766	 flops 716929728.0
(0.0126, 0.1414, 0.9432)	Architecture [2-464]	 Time 1.1119	 Loss 1.3560	 flops 716924992.0
(0.0126, 0.2474, 0.9463)	Architecture [2-469]	 Time 1.2209	 Loss 1.3910	 flops 716888320.0
(0.0137, 0.1600, 0.9608)	Architecture [2-474]	 Time 1.1493	 Loss 1.3851	 flops 716822656.0
(0.0126, 0.1412, 0.8675)	Architecture [2-479]	 Time 1.0374	 Loss 1.3905	 flops 716786368.0
(0.0126, 0.1408, 0.9375)	Architecture [2-484]	 Time 1.1080	 Loss 1.3990	 flops 716723968.0
(0.0126, 0.1982, 0.8694)	Architecture [2-489]	 Time 1.0949	 Loss 1.3913	 flops 716608384.0
(0.0126, 0.2371, 0.8914)	Architecture [2-494]	 Time 1.1567	 Loss 1.3839	 flops 716587520.0
(0.0127, 0.1341, 0.9412)	Architecture [2-499]	 Time 1.1030	 Loss 1.3565	 flops 716534208.0
(0.0126, 0.2253, 0.9215)	Architecture [2-504]	 Time 1.1747	 Loss 1.3914	 flops 716484224.0
(0.0312, 0.1320, 0.8679)	Architecture [2-509]	 Time 1.0459	 Loss 1.3828	 flops 716468032.0
(0.0126, 0.1432, 0.8853)	Architecture [2-514]	 Time 1.0573	 Loss 1.4171	 flops 716407872.0
(0.0126, 0.1448, 0.9283)	Architecture [2-519]	 Time 1.1030	 Loss 1.3392	 flops 716331520.0
(0.0126, 0.1681, 0.8608)	Architecture [2-524]	 Time 1.0578	 Loss 1.3945	 flops 716326656.0
(0.0126, 0.2341, 0.9290)	Architecture [2-529]	 Time 1.1910	 Loss 1.3802	 flops 716276672.0
(0.0126, 0.1249, 0.8800)	Architecture [2-534]	 Time 1.0324	 Loss 1.4035	 flops 716229696.0
(0.0126, 0.1422, 0.8946)	Architecture [2-539]	 Time 1.0652	 Loss 1.3621	 flops 716221248.0
(0.0126, 0.1648, 0.8957)	Architecture [2-544]	 Time 1.0890	 Loss 1.4043	 flops 716191232.0
(0.0126, 0.1447, 0.8767)	Architecture [2-549]	 Time 1.0486	 Loss 1.3636	 flops 716133888.0
(0.0126, 0.2499, 0.9257)	Architecture [2-554]	 Time 1.2063	 Loss 1.3950	 flops 716082752.0
(0.0126, 0.1234, 0.9056)	Architecture [2-559]	 Time 1.0567	 Loss 1.3654	 flops 716023488.0
(0.0126, 0.2603, 0.8807)	Architecture [2-564]	 Time 1.1690	 Loss 1.4001	 flops 715948544.0
(0.0126, 0.1363, 0.9108)	Architecture [2-569]	 Time 1.0749	 Loss 1.3604	 flops 715900992.0
(0.0126, 0.1392, 0.8966)	Architecture [2-574]	 Time 1.0637	 Loss 1.4011	 flops 715874368.0
(0.0321, 0.1297, 0.9179)	Architecture [2-579]	 Time 1.0957	 Loss 1.4017	 flops 715838528.0
(0.0126, 0.1343, 0.9152)	Architecture [2-584]	 Time 1.0770	 Loss 1.3949	 flops 715839808.0
(0.0126, 0.2353, 0.9353)	Architecture [2-589]	 Time 1.1978	 Loss 1.3841	 flops 715767360.0
(0.0126, 0.1447, 0.9640)	Architecture [2-594]	 Time 1.1368	 Loss 1.4040	 flops 715729728.0
(0.0126, 0.1229, 0.9001)	Architecture [2-599]	 Time 1.0502	 Loss 1.3591	 flops 715712064.0
(0.0126, 0.1618, 0.9233)	Architecture [2-604]	 Time 1.1150	 Loss 1.3926	 flops 715679168.0
(0.0126, 0.1355, 0.8840)	Architecture [2-609]	 Time 1.0483	 Loss 1.3840	 flops 715645824.0
(0.0127, 0.2444, 0.9074)	Architecture [2-614]	 Time 1.1793	 Loss 1.3954	 flops 715599424.0
(0.0126, 0.1344, 0.9489)	Architecture [2-619]	 Time 1.1142	 Loss 1.3753	 flops 715578496.0
(0.0127, 0.1285, 0.8865)	Architecture [2-624]	 Time 1.0432	 Loss 1.3903	 flops 715524160.0
(0.0126, 0.1369, 0.9011)	Architecture [2-629]	 Time 1.0652	 Loss 1.4024	 flops 715478272.0
(0.0126, 0.1361, 0.9128)	Architecture [2-634]	 Time 1.0764	 Loss 1.3879	 flops 715445568.0
(0.0127, 0.2165, 0.8976)	Architecture [2-639]	 Time 1.1427	 Loss 1.4081	 flops 715389696.0
(0.0126, 0.1412, 0.8969)	Architecture [2-644]	 Time 1.0661	 Loss 1.3737	 flops 715322176.0
(0.0127, 0.2724, 0.9035)	Architecture [2-649]	 Time 1.2029	 Loss 1.3576	 flops 715271040.0
(0.0126, 0.1396, 0.9287)	Architecture [2-654]	 Time 1.0956	 Loss 1.4000	 flops 715234688.0
(0.0126, 0.1720, 0.8685)	Architecture [2-659]	 Time 1.0680	 Loss 1.3952	 flops 715227776.0
(0.0126, 0.1362, 1.0011)	Architecture [2-664]	 Time 1.1646	 Loss 1.3831	 flops 715168576.0
(0.0126, 0.1228, 0.8817)	Architecture [2-669]	 Time 1.0314	 Loss 1.3522	 flops 715105216.0
(0.0126, 0.2333, 0.8984)	Architecture [2-674]	 Time 1.1595	 Loss 1.3888	 flops 715094144.0
(0.0137, 0.1346, 0.9088)	Architecture [2-679]	 Time 1.0723	 Loss 1.4145	 flops 715031936.0
(0.0126, 0.1310, 0.9479)	Architecture [2-684]	 Time 1.1071	 Loss 1.3998	 flops 714993024.0
(0.0126, 0.1595, 0.9251)	Architecture [2-689]	 Time 1.1118	 Loss 1.3971	 flops 714968512.0
(0.0127, 0.1421, 0.8940)	Architecture [2-694]	 Time 1.0632	 Loss 1.3886	 flops 714980992.0
(0.0126, 0.2188, 0.8692)	Architecture [2-699]	 Time 1.1155	 Loss 1.3766	 flops 714936704.0
(0.0204, 0.1620, 0.8960)	Architecture [2-704]	 Time 1.0940	 Loss 1.3904	 flops 714896832.0
(0.0127, 0.2563, 0.9087)	Architecture [2-709]	 Time 1.1926	 Loss 1.4141	 flops 714822464.0
(0.0161, 0.1287, 0.8984)	Architecture [2-714]	 Time 1.0607	 Loss 1.4104	 flops 714746112.0
(0.0316, 0.1278, 0.9202)	Architecture [2-719]	 Time 1.0942	 Loss 1.3834	 flops 714726976.0
(0.0325, 0.2396, 0.9305)	Architecture [2-724]	 Time 1.2183	 Loss 1.4187	 flops 714662144.0
(0.0126, 0.1454, 0.8727)	Architecture [2-729]	 Time 1.0452	 Loss 1.3816	 flops 714641600.0
(0.0126, 0.2368, 0.9295)	Architecture [2-734]	 Time 1.1937	 Loss 1.3614	 flops 714594304.0
(0.0126, 0.1400, 0.9416)	Architecture [2-739]	 Time 1.1098	 Loss 1.3785	 flops 714579328.0
(0.0126, 0.1313, 0.8700)	Architecture [2-744]	 Time 1.0289	 Loss 1.4058	 flops 714522176.0
(0.0126, 0.1704, 0.8876)	Architecture [2-749]	 Time 1.0845	 Loss 1.4141	 flops 714473728.0
(0.0126, 0.1393, 0.8998)	Architecture [2-754]	 Time 1.0662	 Loss 1.3968	 flops 714427904.0
(0.0324, 0.2046, 0.9312)	Architecture [2-759]	 Time 1.1840	 Loss 1.3932	 flops 714368448.0
(0.0126, 0.1239, 0.9270)	Architecture [2-764]	 Time 1.0798	 Loss 1.3882	 flops 714324160.0
(0.0125, 0.1237, 0.9265)	Architecture [2-769]	 Time 1.0758	 Loss 1.3806	 flops 714249600.0
(0.0125, 0.1202, 0.9512)	Architecture [2-774]	 Time 1.1015	 Loss 1.4146	 flops 714203392.0
(0.0125, 0.1369, 0.9048)	Architecture [2-779]	 Time 1.0673	 Loss 1.3782	 flops 714150144.0
(0.0127, 0.3082, 0.8960)	Architecture [2-784]	 Time 1.2377	 Loss 1.4256	 flops 714097472.0
(0.0126, 0.1414, 0.8733)	Architecture [2-789]	 Time 1.0409	 Loss 1.3977	 flops 714046016.0
(0.0126, 0.2898, 0.8350)	Architecture [2-794]	 Time 1.1522	 Loss 1.3892	 flops 713992064.0
(0.0126, 0.1521, 0.9303)	Architecture [2-799]	 Time 1.1109	 Loss 1.4119	 flops 713935552.0
(0.0126, 0.1344, 0.9154)	Architecture [2-804]	 Time 1.2125	 Loss 1.4104	 flops 713868608.0
(0.0127, 0.1358, 0.9747)	Architecture [2-809]	 Time 1.1376	 Loss 1.3980	 flops 713831680.0
(0.0127, 0.1391, 0.9465)	Architecture [2-814]	 Time 1.1131	 Loss 1.4345	 flops 713778176.0
(0.0127, 0.2455, 0.9718)	Architecture [2-819]	 Time 1.2449	 Loss 1.3865	 flops 713705792.0
(0.0126, 0.1338, 0.8495)	Architecture [2-824]	 Time 1.0096	 Loss 1.3973	 flops 713666944.0
(0.0126, 0.1324, 0.9000)	Architecture [2-829]	 Time 1.0590	 Loss 1.3682	 flops 713636736.0
(0.0126, 0.1433, 0.8765)	Architecture [2-834]	 Time 1.0487	 Loss 1.3677	 flops 713604544.0
(0.0126, 0.1311, 0.8873)	Architecture [2-839]	 Time 1.0452	 Loss 1.3887	 flops 713573376.0
(0.0126, 0.2567, 0.9024)	Architecture [2-844]	 Time 1.1862	 Loss 1.4009	 flops 713523968.0
(0.0409, 0.1285, 0.9095)	Architecture [2-849]	 Time 1.0918	 Loss 1.3712	 flops 713502272.0
(0.0126, 0.1600, 0.8767)	Architecture [2-854]	 Time 1.0627	 Loss 1.3867	 flops 713491008.0
(0.0126, 0.1583, 0.8943)	Architecture [2-859]	 Time 1.0794	 Loss 1.3680	 flops 713375232.0
(0.0125, 0.1252, 0.9056)	Architecture [2-864]	 Time 1.0560	 Loss 1.4027	 flops 713347008.0
(0.0476, 0.2158, 0.9132)	Architecture [2-869]	 Time 1.1906	 Loss 1.3714	 flops 713296640.0
(0.0154, 0.1361, 0.8855)	Architecture [2-874]	 Time 1.0502	 Loss 1.3834	 flops 713236480.0
(0.0154, 0.2381, 0.8772)	Architecture [2-879]	 Time 1.1444	 Loss 1.3944	 flops 713198400.0
(0.0126, 0.1183, 0.8769)	Architecture [2-884]	 Time 1.0213	 Loss 1.3866	 flops 713167616.0
(0.0127, 0.1744, 0.8794)	Architecture [2-889]	 Time 1.0800	 Loss 1.3889	 flops 713135744.0
(0.0126, 0.1302, 0.8870)	Architecture [2-894]	 Time 1.0422	 Loss 1.4046	 flops 713085952.0
(0.0126, 0.1271, 0.8711)	Architecture [2-899]	 Time 1.0237	 Loss 1.3815	 flops 713049024.0
(0.0126, 0.2114, 0.9026)	Architecture [2-904]	 Time 1.1396	 Loss 1.3768	 flops 712984256.0
(0.0126, 0.1338, 0.8949)	Architecture [2-909]	 Time 1.0541	 Loss 1.3824	 flops 712906944.0
(0.0126, 0.1712, 0.8760)	Architecture [2-914]	 Time 1.0741	 Loss 1.4070	 flops 712861312.0
(0.0126, 0.1283, 0.9516)	Architecture [2-919]	 Time 1.1075	 Loss 1.4029	 flops 712831104.0
(0.0125, 0.1386, 0.8839)	Architecture [2-924]	 Time 1.0483	 Loss 1.3777	 flops 712801152.0
(0.0125, 0.1971, 0.8965)	Architecture [2-929]	 Time 1.1215	 Loss 1.3999	 flops 712760448.0
(0.0125, 0.1278, 0.8957)	Architecture [2-934]	 Time 1.0514	 Loss 1.3854	 flops 712717824.0
(0.0125, 0.2588, 0.8831)	Architecture [2-939]	 Time 1.1709	 Loss 1.4074	 flops 712619712.0
(0.0126, 0.1487, 0.8545)	Architecture [2-944]	 Time 1.0330	 Loss 1.4094	 flops 712583040.0
(0.0126, 0.1358, 0.8880)	Architecture [2-949]	 Time 1.0545	 Loss 1.3872	 flops 712518336.0
(0.0125, 0.1465, 1.0037)	Architecture [2-954]	 Time 1.1757	 Loss 1.4115	 flops 712452928.0
(0.0125, 0.1182, 0.8847)	Architecture [2-959]	 Time 1.0287	 Loss 1.3836	 flops 712393920.0
(0.0146, 0.2150, 0.8942)	Architecture [2-964]	 Time 1.1385	 Loss 1.4094	 flops 712286912.0
(0.0125, 0.1292, 0.8963)	Architecture [2-969]	 Time 1.0542	 Loss 1.3872	 flops 712267648.0
(0.0126, 0.1333, 0.9302)	Architecture [2-974]	 Time 1.0969	 Loss 1.4050	 flops 712225344.0
(0.0125, 0.1468, 0.9311)	Architecture [2-979]	 Time 1.1077	 Loss 1.4637	 flops 712188544.0
(0.0126, 0.1318, 0.8815)	Architecture [2-984]	 Time 1.0398	 Loss 1.3632	 flops 712180992.0
(0.0125, 0.2150, 0.8660)	Architecture [2-989]	 Time 1.1078	 Loss 1.3782	 flops 712284864.0
(0.0125, 0.1310, 0.8605)	Architecture [2-994]	 Time 1.0181	 Loss 1.4073	 flops 712221120.0
(0.0125, 0.1207, 0.9744)	Architecture [2-999]	 Time 1.1204	 Loss 1.3955	 flops 712177536.0
(5.2609, 0.2417, 0.8782)	Architecture [2-1004]	 Time 6.3992	 Loss 1.4584	 flops 712116032.0
(0.0126, 0.1418, 0.9293)	Architecture [2-1009]	 Time 1.0983	 Loss 1.4151	 flops 712028352.0
(0.0467, 0.2346, 0.8591)	Architecture [2-1014]	 Time 1.1536	 Loss 1.4043	 flops 711986688.0
(0.0126, 0.1300, 0.8518)	Architecture [2-1019]	 Time 1.0073	 Loss 1.3880	 flops 711922240.0
(0.0126, 0.2537, 0.9169)	Architecture [2-1024]	 Time 1.1973	 Loss 1.3669	 flops 711880448.0
(0.0126, 0.1515, 0.8561)	Architecture [2-1029]	 Time 1.0339	 Loss 1.4140	 flops 711822336.0
(0.0127, 0.1481, 0.8935)	Architecture [2-1034]	 Time 1.0712	 Loss 1.4111	 flops 711768512.0
(0.0126, 0.1281, 0.8658)	Architecture [2-1039]	 Time 1.0200	 Loss 1.3984	 flops 711702976.0
(0.0127, 0.1517, 0.9355)	Architecture [2-1044]	 Time 1.1155	 Loss 1.4629	 flops 711645888.0
(0.0126, 0.2298, 0.9709)	Architecture [2-1049]	 Time 1.2290	 Loss 1.4318	 flops 711572608.0
(0.0127, 0.1468, 0.8848)	Architecture [2-1054]	 Time 1.0591	 Loss 1.4114	 flops 711519360.0
(0.0447, 0.1412, 0.8783)	Architecture [2-1059]	 Time 1.0804	 Loss 1.4301	 flops 711446592.0
(0.0126, 0.1524, 0.8681)	Architecture [2-1064]	 Time 1.0479	 Loss 1.4554	 flops 711397312.0
(0.0127, 0.1394, 0.8361)	Architecture [2-1069]	 Time 1.0035	 Loss 1.4226	 flops 711368896.0
(0.0127, 0.2396, 0.9014)	Architecture [2-1074]	 Time 1.1688	 Loss 1.4263	 flops 711292864.0
(0.0393, 0.1294, 0.9514)	Architecture [2-1079]	 Time 1.1348	 Loss 1.4162	 flops 711260992.0
(0.0185, 0.2609, 0.8858)	Architecture [2-1084]	 Time 1.1826	 Loss 1.3977	 flops 711235456.0
(0.0127, 0.1414, 0.9168)	Architecture [2-1089]	 Time 1.0885	 Loss 1.4062	 flops 711164480.0
(0.0126, 0.1447, 0.8767)	Architecture [2-1094]	 Time 1.0506	 Loss 1.4038	 flops 711130048.0
(0.0126, 0.1724, 1.0050)	Architecture [2-1099]	 Time 1.2035	 Loss 1.3861	 flops 711113472.0
(0.0126, 0.1287, 0.8963)	Architecture [2-1104]	 Time 1.0518	 Loss 1.4280	 flops 711070848.0
(0.0189, 0.2246, 0.8382)	Architecture [2-1109]	 Time 1.0971	 Loss 1.3741	 flops 711021952.0
(0.0369, 0.1496, 0.9042)	Architecture [2-1114]	 Time 1.1075	 Loss 1.3881	 flops 710988800.0
(0.0128, 0.1701, 0.9169)	Architecture [2-1119]	 Time 1.1182	 Loss 1.3739	 flops 710963840.0
(0.0126, 0.1338, 0.9002)	Architecture [2-1124]	 Time 1.0599	 Loss 1.3712	 flops 710932800.0
(0.0126, 0.1441, 0.8690)	Architecture [2-1129]	 Time 1.0429	 Loss 1.3940	 flops 710921088.0
(0.0127, 0.2811, 0.8802)	Architecture [2-1134]	 Time 1.1915	 Loss 1.4192	 flops 710863360.0
(0.0127, 0.1489, 0.9308)	Architecture [2-1139]	 Time 1.1071	 Loss 1.3942	 flops 710827648.0
(0.0126, 0.1181, 0.8962)	Architecture [2-1144]	 Time 1.0398	 Loss 1.4102	 flops 710767936.0
(0.0126, 0.1685, 0.8746)	Architecture [2-1149]	 Time 1.0692	 Loss 1.4587	 flops 710707328.0
(0.0127, 0.1388, 0.8712)	Architecture [2-1154]	 Time 1.0404	 Loss 1.4129	 flops 710689344.0
(0.0127, 0.2374, 0.8845)	Architecture [2-1159]	 Time 1.1504	 Loss 1.4080	 flops 710633024.0
(0.0126, 0.1373, 0.9194)	Architecture [2-1164]	 Time 1.0897	 Loss 1.4096	 flops 710572736.0
(0.0127, 0.2885, 0.8828)	Architecture [2-1169]	 Time 1.1991	 Loss 1.4503	 flops 710545664.0
(0.0127, 0.1245, 0.9499)	Architecture [2-1174]	 Time 1.1008	 Loss 1.3917	 flops 710507712.0
(0.0339, 0.1411, 0.9179)	Architecture [2-1179]	 Time 1.1058	 Loss 1.4240	 flops 710463616.0
(0.0127, 0.1372, 0.9129)	Architecture [2-1184]	 Time 1.0776	 Loss 1.4000	 flops 710394368.0
(0.0126, 0.1861, 0.9046)	Architecture [2-1189]	 Time 1.1181	 Loss 1.4046	 flops 710341504.0
(0.0126, 0.2044, 0.9269)	Architecture [2-1194]	 Time 1.1681	 Loss 1.4032	 flops 710287040.0
(0.0131, 0.1394, 0.9120)	Architecture [2-1199]	 Time 1.0783	 Loss 1.4000	 flops 710234624.0
(0.0127, 0.1600, 0.8666)	Architecture [2-1204]	 Time 1.0539	 Loss 1.4047	 flops 710216320.0
(0.0127, 0.1492, 0.9109)	Architecture [2-1209]	 Time 1.0894	 Loss 1.4094	 flops 710176256.0
(0.0126, 0.1344, 0.8729)	Architecture [2-1214]	 Time 1.0363	 Loss 1.3985	 flops 710106112.0
(0.0127, 0.2614, 0.9161)	Architecture [2-1219]	 Time 1.2054	 Loss 1.3991	 flops 710052672.0
(0.0127, 0.1264, 0.8978)	Architecture [2-1224]	 Time 1.0575	 Loss 1.4215	 flops 710017856.0
(0.0129, 0.3185, 0.8910)	Architecture [2-1229]	 Time 1.2377	 Loss 1.4066	 flops 709961984.0
(0.0126, 0.1434, 0.8936)	Architecture [2-1234]	 Time 1.0668	 Loss 1.3979	 flops 709900416.0
(0.0127, 0.1360, 0.9038)	Architecture [2-1239]	 Time 1.0677	 Loss 1.4154	 flops 709832192.0
(0.0126, 0.1317, 0.9587)	Architecture [2-1244]	 Time 1.1186	 Loss 1.4174	 flops 709787776.0
(0.0126, 0.1432, 0.9115)	Architecture [2-1249]	 Time 1.0834	 Loss 1.3994	 flops 709727424.0
(0.0128, 0.2526, 0.8716)	Architecture [2-1254]	 Time 1.1548	 Loss 1.4203	 flops 709675840.0
(0.0128, 0.1215, 0.9064)	Architecture [2-1259]	 Time 1.0538	 Loss 1.3572	 flops 709634112.0
(0.0125, 0.1119, 0.9288)	Architecture [2-1264]	 Time 1.0660	 Loss 1.4097	 flops 709566080.0
(0.0129, 0.1728, 0.9002)	Architecture [2-1269]	 Time 1.1035	 Loss 1.4216	 flops 709561728.0
(0.0126, 0.1273, 0.8584)	Architecture [2-1274]	 Time 1.0126	 Loss 1.4307	 flops 709505536.0
(0.0126, 0.2396, 0.9208)	Architecture [2-1279]	 Time 1.1868	 Loss 1.4239	 flops 709461440.0
(0.0163, 0.1445, 0.8805)	Architecture [2-1284]	 Time 1.0565	 Loss 1.4154	 flops 709396160.0
(0.0335, 0.1359, 0.8865)	Architecture [2-1289]	 Time 1.0721	 Loss 1.4303	 flops 709334400.0
(0.0127, 0.1725, 0.8887)	Architecture [2-1294]	 Time 1.0898	 Loss 1.4639	 flops 709290432.0
(0.0126, 0.1679, 0.9166)	Architecture [2-1299]	 Time 1.1096	 Loss 1.3965	 flops 709246656.0
(0.0127, 0.2377, 0.9498)	Architecture [2-1304]	 Time 1.2141	 Loss 1.4213	 flops 709168256.0
(0.0126, 0.1280, 0.9000)	Architecture [2-1309]	 Time 1.0533	 Loss 1.3932	 flops 709132160.0
(0.0126, 0.2013, 0.9105)	Architecture [2-1314]	 Time 1.1684	 Loss 1.4213	 flops 709097600.0
(0.0127, 0.1367, 0.9031)	Architecture [2-1319]	 Time 1.0655	 Loss 1.4171	 flops 709060928.0
(0.0126, 0.1234, 0.9325)	Architecture [2-1324]	 Time 1.0822	 Loss 1.4053	 flops 708996864.0
(0.0126, 0.1291, 1.0268)	Architecture [2-1329]	 Time 1.1818	 Loss 1.4066	 flops 708946368.0
(0.0128, 0.1480, 0.8870)	Architecture [2-1334]	 Time 1.0636	 Loss 1.3895	 flops 708879040.0
(0.0127, 0.2067, 0.9363)	Architecture [2-1339]	 Time 1.1685	 Loss 1.4365	 flops 708840000.0
(0.0125, 0.1223, 0.8798)	Architecture [2-1344]	 Time 1.0275	 Loss 1.4012	 flops 708790144.0
(0.0126, 0.1270, 0.8620)	Architecture [2-1349]	 Time 1.0154	 Loss 1.3946	 flops 708720512.0
(0.0126, 0.1715, 0.9096)	Architecture [2-1354]	 Time 1.1071	 Loss 1.4403	 flops 708646528.0
(0.0405, 0.1577, 0.8996)	Architecture [2-1359]	 Time 1.1104	 Loss 1.4116	 flops 708588800.0
(0.0127, 0.2499, 0.9460)	Architecture [2-1364]	 Time 1.2229	 Loss 1.4099	 flops 708507648.0
(0.0151, 0.1244, 0.9528)	Architecture [2-1369]	 Time 1.1090	 Loss 1.4002	 flops 708441472.0
(0.0127, 0.3003, 0.8977)	Architecture [2-1374]	 Time 1.2250	 Loss 1.4354	 flops 708384704.0
(0.0126, 0.1322, 0.9412)	Architecture [2-1379]	 Time 1.0997	 Loss 1.4293	 flops 708329856.0
(0.0126, 0.1480, 0.9197)	Architecture [2-1384]	 Time 1.0944	 Loss 1.4363	 flops 708255296.0
(0.0149, 0.2501, 0.8918)	Architecture [2-1389]	 Time 1.1712	 Loss 1.3914	 flops 708247488.0
(0.0126, 0.1336, 0.9399)	Architecture [2-1394]	 Time 1.1004	 Loss 1.4080	 flops 708199232.0
(0.0127, 0.2161, 0.9272)	Architecture [2-1399]	 Time 1.1706	 Loss 1.3867	 flops 708169408.0
(0.0126, 0.1650, 0.8771)	Architecture [2-1404]	 Time 1.0686	 Loss 1.4347	 flops 708140480.0
(0.0126, 0.1733, 0.8859)	Architecture [2-1409]	 Time 1.0843	 Loss 1.3859	 flops 708040704.0
(0.0126, 0.1509, 0.9194)	Architecture [2-1414]	 Time 1.1005	 Loss 1.3913	 flops 708037824.0
(0.0126, 0.1315, 0.8714)	Architecture [2-1419]	 Time 1.0279	 Loss 1.3785	 flops 708004416.0
(0.0126, 0.1974, 0.9278)	Architecture [2-1424]	 Time 1.1517	 Loss 1.4066	 flops 707959680.0
(0.0188, 0.1399, 0.9063)	Architecture [2-1429]	 Time 1.0781	 Loss 1.3711	 flops 707895424.0
(0.0127, 0.1445, 0.8905)	Architecture [2-1434]	 Time 1.0632	 Loss 1.3861	 flops 707858304.0
(0.0127, 0.1830, 0.8765)	Architecture [2-1439]	 Time 1.0904	 Loss 1.3920	 flops 707803584.0
(0.0127, 0.1464, 0.8661)	Architecture [2-1444]	 Time 1.0413	 Loss 1.3649	 flops 707765632.0
(0.0126, 0.2566, 0.9125)	Architecture [2-1449]	 Time 1.1964	 Loss 1.4057	 flops 707723392.0
(0.0127, 0.1332, 0.9263)	Architecture [2-1454]	 Time 1.0849	 Loss 1.3926	 flops 707673856.0
(0.0126, 0.2042, 0.9085)	Architecture [2-1459]	 Time 1.1393	 Loss 1.3834	 flops 707620800.0
(0.0126, 0.1597, 0.8461)	Architecture [2-1464]	 Time 1.0317	 Loss 1.3808	 flops 707534592.0
(0.0127, 0.1299, 0.9245)	Architecture [2-1469]	 Time 1.0825	 Loss 1.3817	 flops 707489920.0
(0.0128, 0.1871, 1.0305)	Architecture [2-1474]	 Time 1.2474	 Loss 1.3872	 flops 707428736.0
(0.0126, 0.1305, 0.8648)	Architecture [2-1479]	 Time 1.0255	 Loss 1.3767	 flops 707377728.0
(0.0127, 0.2617, 0.9209)	Architecture [2-1484]	 Time 1.2184	 Loss 1.4000	 flops 707305152.0
(0.0126, 0.1295, 0.9122)	Architecture [2-1489]	 Time 1.0699	 Loss 1.4029	 flops 707271296.0
(0.0127, 0.1522, 0.8682)	Architecture [2-1494]	 Time 1.0471	 Loss 1.3967	 flops 707215872.0
(0.0126, 0.1200, 0.8794)	Architecture [2-1499]	 Time 1.0260	 Loss 1.3860	 flops 707185728.0
(0.0126, 0.1284, 0.8959)	Architecture [2-1504]	 Time 1.0502	 Loss 1.3981	 flops 707147264.0
(0.0126, 0.2476, 0.8873)	Architecture [2-1509]	 Time 1.1608	 Loss 1.3990	 flops 707090048.0
(0.0127, 0.1428, 0.9182)	Architecture [2-1514]	 Time 1.0909	 Loss 1.4337	 flops 707048448.0
(0.0126, 0.1287, 0.8970)	Architecture [2-1519]	 Time 1.0530	 Loss 1.3702	 flops 706995840.0
(0.0127, 0.1544, 0.8967)	Architecture [2-1524]	 Time 1.0808	 Loss 1.3913	 flops 706926528.0
(0.0138, 0.1513, 0.8791)	Architecture [2-1529]	 Time 1.0582	 Loss 1.3881	 flops 706867776.0
(0.0126, 0.2362, 0.8976)	Architecture [2-1534]	 Time 1.1610	 Loss 1.4119	 flops 706805568.0
(0.0127, 0.1396, 0.8932)	Architecture [2-1539]	 Time 1.0584	 Loss 1.3800	 flops 706763264.0
(0.0406, 0.2558, 0.9120)	Architecture [2-1544]	 Time 1.2239	 Loss 1.3810	 flops 706709440.0
(0.0127, 0.1268, 0.8744)	Architecture [2-1549]	 Time 1.0281	 Loss 1.3857	 flops 706663168.0
(0.0128, 0.1447, 0.8869)	Architecture [2-1554]	 Time 1.0625	 Loss 1.3879	 flops 706638912.0
(0.0127, 0.1719, 0.8729)	Architecture [2-1559]	 Time 1.0763	 Loss 1.3653	 flops 706562048.0
(0.0126, 0.1628, 0.9260)	Architecture [2-1564]	 Time 1.1177	 Loss 1.3714	 flops 706483072.0
(0.0127, 0.3459, 0.9038)	Architecture [2-1569]	 Time 1.2779	 Loss 1.3779	 flops 706404800.0
(0.0126, 0.1573, 0.9152)	Architecture [2-1574]	 Time 1.1036	 Loss 1.4050	 flops 706374784.0
(0.0126, 0.1236, 0.8981)	Architecture [2-1579]	 Time 1.0476	 Loss 1.3764	 flops 706320896.0
(0.0127, 0.1445, 0.9433)	Architecture [2-1584]	 Time 1.1154	 Loss 1.3725	 flops 706250304.0
(0.0135, 0.1317, 0.8771)	Architecture [2-1589]	 Time 1.0377	 Loss 1.3719	 flops 706177856.0
(0.0126, 0.2089, 0.9497)	Architecture [2-1594]	 Time 1.1869	 Loss 1.4061	 flops 706130624.0
(0.0126, 0.1301, 0.8923)	Architecture [2-1599]	 Time 1.0490	 Loss 1.3792	 flops 706091456.0
(0.0126, 0.2879, 0.8922)	Architecture [2-1604]	 Time 1.2066	 Loss 1.3885	 flops 706077952.0
(0.0126, 0.1315, 0.9004)	Architecture [2-1609]	 Time 1.0594	 Loss 1.3848	 flops 706058496.0
(0.0127, 0.1722, 0.8540)	Architecture [2-1614]	 Time 1.0525	 Loss 1.3848	 flops 705996032.0
(0.0148, 0.1264, 1.0048)	Architecture [2-1619]	 Time 1.1591	 Loss 1.3721	 flops 705956096.0
(0.0126, 0.1227, 0.8879)	Architecture [2-1624]	 Time 1.0404	 Loss 1.3871	 flops 705980416.0
(0.0127, 0.3050, 0.9308)	Architecture [2-1629]	 Time 1.2616	 Loss 1.4059	 flops 705950336.0
(0.0127, 0.1410, 0.8879)	Architecture [2-1634]	 Time 1.0556	 Loss 1.3942	 flops 705863488.0
(0.0126, 0.1339, 0.9053)	Architecture [2-1639]	 Time 1.0656	 Loss 1.4075	 flops 705813312.0
(0.0128, 0.1534, 0.8459)	Architecture [2-1644]	 Time 1.0302	 Loss 1.3752	 flops 705736512.0
(0.0127, 0.1549, 0.9017)	Architecture [2-1649]	 Time 1.0872	 Loss 1.3569	 flops 705696512.0
(0.0127, 0.2839, 0.9154)	Architecture [2-1654]	 Time 1.2266	 Loss 1.3879	 flops 705692864.0
(0.0126, 0.1518, 0.8912)	Architecture [2-1659]	 Time 1.0684	 Loss 1.3836	 flops 705632512.0
(0.0126, 0.1485, 0.9264)	Architecture [2-1664]	 Time 1.1074	 Loss 1.3994	 flops 705549760.0
(0.0145, 0.1325, 0.9143)	Architecture [2-1669]	 Time 1.0753	 Loss 1.3718	 flops 705451648.0
(0.0127, 0.1342, 0.9085)	Architecture [2-1674]	 Time 1.0687	 Loss 1.3686	 flops 705418112.0
(0.0127, 0.2557, 0.8802)	Architecture [2-1679]	 Time 1.1633	 Loss 1.3959	 flops 705375808.0
(0.0126, 0.1627, 0.9296)	Architecture [2-1684]	 Time 1.1192	 Loss 1.3855	 flops 705321472.0
(0.0127, 0.2547, 0.8722)	Architecture [2-1689]	 Time 1.1531	 Loss 1.4036	 flops 705264320.0
(0.0161, 0.1264, 0.9698)	Architecture [2-1694]	 Time 1.1306	 Loss 1.3766	 flops 705261248.0
(0.0126, 0.1288, 0.9141)	Architecture [2-1699]	 Time 1.0692	 Loss 1.3605	 flops 705235968.0
(0.0126, 0.1431, 0.8997)	Architecture [2-1704]	 Time 1.0690	 Loss 1.3935	 flops 705205312.0
(0.0126, 0.1307, 0.8518)	Architecture [2-1709]	 Time 1.0080	 Loss 1.4031	 flops 705159424.0
(0.0126, 0.2204, 0.9265)	Architecture [2-1714]	 Time 1.1727	 Loss 1.4188	 flops 705121344.0
(0.0127, 0.1468, 0.8552)	Architecture [2-1719]	 Time 1.0333	 Loss 1.3839	 flops 705070848.0
(0.0126, 0.1442, 0.9365)	Architecture [2-1724]	 Time 1.1119	 Loss 1.4236	 flops 705024192.0
(0.0279, 0.1328, 0.8792)	Architecture [2-1729]	 Time 1.0530	 Loss 1.3801	 flops 704986688.0
(0.0127, 0.1409, 0.9007)	Architecture [2-1734]	 Time 1.0680	 Loss 1.3668	 flops 705011904.0
(0.0126, 0.2112, 0.9516)	Architecture [2-1739]	 Time 1.1920	 Loss 1.3883	 flops 704952512.0
(0.0126, 0.1234, 0.9675)	Architecture [2-1744]	 Time 1.1194	 Loss 1.4012	 flops 704905536.0
(0.0190, 0.2448, 0.8634)	Architecture [2-1749]	 Time 1.1423	 Loss 1.4075	 flops 704870208.0
(0.0126, 0.1250, 0.9239)	Architecture [2-1754]	 Time 1.0758	 Loss 1.3906	 flops 704866560.0
(0.0126, 0.1277, 0.8822)	Architecture [2-1759]	 Time 1.0368	 Loss 1.4045	 flops 704800704.0
(0.0126, 0.1623, 1.0321)	Architecture [2-1764]	 Time 1.2198	 Loss 1.4048	 flops 704738944.0
(0.0126, 0.1624, 0.9038)	Architecture [2-1769]	 Time 1.0929	 Loss 1.3990	 flops 704684032.0
(0.0384, 0.2064, 0.8573)	Architecture [2-1774]	 Time 1.1172	 Loss 1.4118	 flops 704626304.0
(0.0342, 0.1282, 0.8987)	Architecture [2-1779]	 Time 1.0761	 Loss 1.3727	 flops 704605440.0
(0.0125, 0.1259, 0.8879)	Architecture [2-1784]	 Time 1.0399	 Loss 1.4290	 flops 704566528.0
(0.0126, 0.1669, 0.9379)	Architecture [2-1789]	 Time 1.1305	 Loss 1.4137	 flops 704509952.0
(0.0126, 0.1358, 0.8648)	Architecture [2-1794]	 Time 1.0262	 Loss 1.3863	 flops 704465216.0
(0.0126, 0.2197, 0.9435)	Architecture [2-1799]	 Time 1.1900	 Loss 1.3964	 flops 704418688.0
(0.0126, 0.1419, 0.8894)	Architecture [2-1804]	 Time 1.0605	 Loss 1.4082	 flops 704401728.0
(0.0126, 0.1397, 0.8749)	Architecture [2-1809]	 Time 1.0414	 Loss 1.3874	 flops 704336768.0
(0.0127, 0.1620, 0.9401)	Architecture [2-1814]	 Time 1.1291	 Loss 1.4132	 flops 704269056.0
(0.0137, 0.1208, 0.9309)	Architecture [2-1819]	 Time 1.0781	 Loss 1.3688	 flops 704215552.0
(0.0126, 0.2042, 0.8779)	Architecture [2-1824]	 Time 1.1073	 Loss 1.4044	 flops 704168448.0
(0.0126, 0.1325, 0.8688)	Architecture [2-1829]	 Time 1.0265	 Loss 1.3594	 flops 704128640.0
(0.0126, 0.2171, 0.8540)	Architecture [2-1834]	 Time 1.0971	 Loss 1.3832	 flops 704166592.0
(0.0439, 0.1327, 0.8762)	Architecture [2-1839]	 Time 1.0660	 Loss 1.3751	 flops 704160704.0
(0.0126, 0.1601, 0.9324)	Architecture [2-1844]	 Time 1.1179	 Loss 1.4036	 flops 704111936.0
(0.0126, 0.1558, 0.9282)	Architecture [2-1849]	 Time 1.1100	 Loss 1.3847	 flops 704076480.0
(0.0126, 0.1390, 0.8974)	Architecture [2-1854]	 Time 1.0634	 Loss 1.3777	 flops 704033792.0
(0.0157, 0.2816, 0.8302)	Architecture [2-1859]	 Time 1.1410	 Loss 1.3743	 flops 704046208.0
(0.0126, 0.1321, 0.9149)	Architecture [2-1864]	 Time 1.0724	 Loss 1.3941	 flops 703988672.0
(0.0127, 0.1268, 0.8982)	Architecture [2-1869]	 Time 1.0584	 Loss 1.3919	 flops 703926272.0
(0.0138, 0.1385, 0.8751)	Architecture [2-1874]	 Time 1.0410	 Loss 1.3836	 flops 703879872.0
(0.0126, 0.1751, 0.9256)	Architecture [2-1879]	 Time 1.1269	 Loss 1.3893	 flops 703834752.0
(0.0126, 0.2133, 0.8706)	Architecture [2-1884]	 Time 1.1101	 Loss 1.3736	 flops 703774528.0
(0.0347, 0.1263, 0.8993)	Architecture [2-1889]	 Time 1.0761	 Loss 1.3607	 flops 703712128.0
(0.0127, 0.2643, 0.8780)	Architecture [2-1894]	 Time 1.1713	 Loss 1.3997	 flops 703748608.0
(0.0126, 0.1318, 0.8818)	Architecture [2-1899]	 Time 1.0390	 Loss 1.3820	 flops 703709568.0
(0.0184, 0.1244, 0.9619)	Architecture [2-1904]	 Time 1.1180	 Loss 1.3927	 flops 703652352.0
(0.0126, 0.1455, 0.8993)	Architecture [2-1909]	 Time 1.0710	 Loss 1.3575	 flops 703628864.0
(0.0196, 0.1305, 0.9749)	Architecture [2-1914]	 Time 1.1384	 Loss 1.3844	 flops 703581696.0
(0.0126, 0.2186, 0.9358)	Architecture [2-1919]	 Time 1.1801	 Loss 1.4198	 flops 703524800.0
(0.0127, 0.1489, 0.9238)	Architecture [2-1924]	 Time 1.1009	 Loss 1.3894	 flops 703502912.0
(0.0125, 0.1284, 0.8807)	Architecture [2-1929]	 Time 1.0340	 Loss 1.4026	 flops 703460800.0
(0.0126, 0.1396, 0.8842)	Architecture [2-1934]	 Time 1.0511	 Loss 1.3995	 flops 703384192.0
(0.0147, 0.1515, 0.8935)	Architecture [2-1939]	 Time 1.0767	 Loss 1.4218	 flops 703327552.0
(0.0125, 0.1962, 0.8346)	Architecture [2-1944]	 Time 1.0604	 Loss 1.4307	 flops 703302464.0
(0.0125, 0.1238, 0.9261)	Architecture [2-1949]	 Time 1.0752	 Loss 1.4027	 flops 703250752.0
(0.0126, 0.1436, 0.8854)	Architecture [2-1954]	 Time 1.0800	 Loss 1.4018	 flops 703226688.0
(0.0125, 0.1300, 0.8628)	Architecture [2-1959]	 Time 1.0184	 Loss 1.3491	 flops 703190464.0
(0.0125, 0.1246, 0.8734)	Architecture [2-1964]	 Time 1.0259	 Loss 1.4268	 flops 703208512.0
(0.0125, 0.1937, 0.9147)	Architecture [2-1969]	 Time 1.1343	 Loss 1.3949	 flops 703171584.0
(0.0125, 0.1409, 0.8979)	Architecture [2-1974]	 Time 1.0641	 Loss 1.4039	 flops 703129216.0
(0.0125, 0.1999, 0.8832)	Architecture [2-1979]	 Time 1.1100	 Loss 1.4674	 flops 703107776.0
(0.0125, 0.1238, 0.9297)	Architecture [2-1984]	 Time 1.0792	 Loss 1.3999	 flops 703079744.0
(0.0125, 0.1204, 0.8931)	Architecture [2-1989]	 Time 1.0416	 Loss 1.3886	 flops 703027968.0
(0.0126, 0.1333, 0.9925)	Architecture [2-1994]	 Time 1.1516	 Loss 1.3996	 flops 702993472.0
(0.0126, 0.1328, 0.9212)	Architecture [2-1999]	 Time 1.0807	 Loss 1.4012	 flops 702898048.0
(5.4605, 0.3507, 0.9393)	Architecture [2-2004]	 Time 6.8044	 Loss 1.4787	 flops 702817216.0
(0.0125, 0.1254, 0.9603)	Architecture [2-2009]	 Time 1.1138	 Loss 1.3955	 flops 702695936.0
(0.0126, 0.1419, 0.9292)	Architecture [2-2014]	 Time 1.1007	 Loss 1.4010	 flops 702662464.0
(0.0126, 0.1896, 0.8759)	Architecture [2-2019]	 Time 1.0948	 Loss 1.3955	 flops 702615296.0
(0.0441, 0.1434, 0.9215)	Architecture [2-2024]	 Time 1.1247	 Loss 1.3756	 flops 702570624.0
(0.0334, 0.2459, 0.8956)	Architecture [2-2029]	 Time 1.1900	 Loss 1.4036	 flops 702532160.0
(0.0365, 0.1539, 0.9234)	Architecture [2-2034]	 Time 1.1317	 Loss 1.4193	 flops 702444224.0
(0.0126, 0.1481, 0.8287)	Architecture [2-2039]	 Time 1.0066	 Loss 1.4140	 flops 702394816.0
(0.0127, 0.1365, 0.9119)	Architecture [2-2044]	 Time 1.0778	 Loss 1.4484	 flops 702332608.0
(0.0126, 0.1286, 0.8658)	Architecture [2-2049]	 Time 1.0245	 Loss 1.4276	 flops 702241664.0
(0.0128, 0.2684, 0.8418)	Architecture [2-2054]	 Time 1.1388	 Loss 1.4210	 flops 702162624.0
(0.0128, 0.1601, 0.8783)	Architecture [2-2059]	 Time 1.0706	 Loss 1.4416	 flops 702120384.0
(0.0126, 0.2740, 0.8887)	Architecture [2-2064]	 Time 1.1909	 Loss 1.4396	 flops 702033024.0
(0.0128, 0.1402, 0.9307)	Architecture [2-2069]	 Time 1.1027	 Loss 1.4414	 flops 701969664.0
(0.0127, 0.1564, 0.8934)	Architecture [2-2074]	 Time 1.0779	 Loss 1.4149	 flops 701897536.0
(0.0126, 0.1566, 0.9065)	Architecture [2-2079]	 Time 1.0916	 Loss 1.4055	 flops 701840384.0
(0.0126, 0.1292, 0.8903)	Architecture [2-2084]	 Time 1.0468	 Loss 1.3746	 flops 701797504.0
(0.0126, 0.2381, 0.8832)	Architecture [2-2089]	 Time 1.1488	 Loss 1.3920	 flops 701782784.0
(0.0126, 0.1437, 0.8690)	Architecture [2-2094]	 Time 1.0399	 Loss 1.3790	 flops 701732736.0
(0.0188, 0.1285, 0.8388)	Architecture [2-2099]	 Time 1.0015	 Loss 1.3802	 flops 701672064.0
(0.0128, 0.1459, 0.9231)	Architecture [2-2104]	 Time 1.0981	 Loss 1.3953	 flops 701660480.0
(0.0129, 0.1491, 0.8674)	Architecture [2-2109]	 Time 1.0540	 Loss 1.3668	 flops 701592128.0
(0.0128, 0.3272, 0.8273)	Architecture [2-2114]	 Time 1.1807	 Loss 1.4059	 flops 701556416.0
(0.0128, 0.1460, 0.9158)	Architecture [2-2119]	 Time 1.0888	 Loss 1.3885	 flops 701535936.0
(0.0127, 0.2072, 0.8834)	Architecture [2-2124]	 Time 1.1164	 Loss 1.3728	 flops 701480384.0
(0.0128, 0.1335, 0.9152)	Architecture [2-2129]	 Time 1.0750	 Loss 1.3778	 flops 701447680.0
(0.0127, 0.1225, 0.9042)	Architecture [2-2134]	 Time 1.0549	 Loss 1.3909	 flops 701392320.0
(0.0128, 0.1509, 0.9664)	Architecture [2-2139]	 Time 1.1437	 Loss 1.3816	 flops 701402624.0
(0.0184, 0.1186, 0.8904)	Architecture [2-2144]	 Time 1.0447	 Loss 1.3891	 flops 701397568.0
(0.0128, 0.2442, 0.9060)	Architecture [2-2149]	 Time 1.1760	 Loss 1.4748	 flops 701363008.0
(0.0128, 0.1271, 0.8922)	Architecture [2-2154]	 Time 1.0490	 Loss 1.4119	 flops 701305856.0
(0.0127, 0.1393, 0.8893)	Architecture [2-2159]	 Time 1.0589	 Loss 1.4073	 flops 701257152.0
(0.0466, 0.1217, 0.8989)	Architecture [2-2164]	 Time 1.0832	 Loss 1.4109	 flops 701223040.0
(0.0126, 0.1186, 0.9369)	Architecture [2-2169]	 Time 1.0812	 Loss 1.4586	 flops 701181568.0
(0.0126, 0.2125, 0.8795)	Architecture [2-2174]	 Time 1.1170	 Loss 1.3738	 flops 701155392.0
(0.0127, 0.1554, 0.9671)	Architecture [2-2179]	 Time 1.1493	 Loss 1.4226	 flops 701096896.0
(0.0127, 0.1247, 0.9013)	Architecture [2-2184]	 Time 1.0529	 Loss 1.4082	 flops 701058688.0
(0.0127, 0.1252, 0.8647)	Architecture [2-2189]	 Time 1.0156	 Loss 1.4242	 flops 701000704.0
(0.0127, 0.1357, 0.9090)	Architecture [2-2194]	 Time 1.0721	 Loss 1.4101	 flops 700952576.0
(0.0127, 0.2174, 0.8811)	Architecture [2-2199]	 Time 1.1245	 Loss 1.4053	 flops 700920768.0
(0.0127, 0.1731, 0.8494)	Architecture [2-2204]	 Time 1.0481	 Loss 1.4046	 flops 700860416.0
(0.0126, 0.2581, 0.9359)	Architecture [2-2209]	 Time 1.2210	 Loss 1.3999	 flops 700760384.0
(0.0126, 0.1431, 0.9077)	Architecture [2-2214]	 Time 1.0833	 Loss 1.4064	 flops 700708224.0
(0.0127, 0.1458, 0.9426)	Architecture [2-2219]	 Time 1.1155	 Loss 1.3935	 flops 700675008.0
(0.0127, 0.1384, 0.9947)	Architecture [2-2224]	 Time 1.1602	 Loss 1.4183	 flops 700596416.0
(0.0126, 0.1416, 0.8747)	Architecture [2-2229]	 Time 1.0423	 Loss 1.3873	 flops 700544512.0
(0.0126, 0.2496, 0.9016)	Architecture [2-2234]	 Time 1.1773	 Loss 1.4094	 flops 700494912.0
(0.0126, 0.1437, 0.8668)	Architecture [2-2239]	 Time 1.0359	 Loss 1.3820	 flops 700428992.0
(0.0126, 0.1390, 0.8950)	Architecture [2-2244]	 Time 1.0602	 Loss 1.4006	 flops 700360192.0
(0.0126, 0.1744, 0.8339)	Architecture [2-2249]	 Time 1.0347	 Loss 1.4041	 flops 700307648.0
(0.0126, 0.1261, 0.8610)	Architecture [2-2254]	 Time 1.0136	 Loss 1.4105	 flops 700237312.0
(0.0126, 0.2655, 0.8466)	Architecture [2-2259]	 Time 1.1399	 Loss 1.3749	 flops 700196800.0
(0.0127, 0.1394, 0.8923)	Architecture [2-2264]	 Time 1.0582	 Loss 1.3989	 flops 700158208.0
(0.0197, 0.2375, 0.8842)	Architecture [2-2269]	 Time 1.1551	 Loss 1.4172	 flops 700099456.0
(0.0127, 0.1403, 0.8624)	Architecture [2-2274]	 Time 1.0301	 Loss 1.4287	 flops 700059200.0
(0.0126, 0.1580, 0.8710)	Architecture [2-2279]	 Time 1.0563	 Loss 1.4262	 flops 700030848.0
(0.0127, 0.1566, 1.0282)	Architecture [2-2284]	 Time 1.2104	 Loss 1.4036	 flops 699983936.0
(0.0127, 0.1330, 0.8726)	Architecture [2-2289]	 Time 1.0321	 Loss 1.4380	 flops 699953856.0
(0.0126, 0.2412, 0.9058)	Architecture [2-2294]	 Time 1.1734	 Loss 1.4687	 flops 699904832.0
(0.0131, 0.1671, 0.8747)	Architecture [2-2299]	 Time 1.0698	 Loss 1.4073	 flops 699857216.0
(0.0127, 0.1408, 0.9212)	Architecture [2-2304]	 Time 1.0880	 Loss 1.4089	 flops 699802816.0
(0.0129, 0.1358, 0.8770)	Architecture [2-2309]	 Time 1.0394	 Loss 1.3923	 flops 699758848.0
(0.0126, 0.1364, 0.9113)	Architecture [2-2314]	 Time 1.0739	 Loss 1.4039	 flops 699709376.0
(0.0127, 0.2360, 0.9405)	Architecture [2-2319]	 Time 1.2050	 Loss 1.4171	 flops 699690368.0
(0.0127, 0.1436, 0.9233)	Architecture [2-2324]	 Time 1.0933	 Loss 1.4082	 flops 699635776.0
(0.0126, 0.1244, 0.8991)	Architecture [2-2329]	 Time 1.0487	 Loss 1.3962	 flops 699561920.0
(0.0126, 0.1682, 0.8806)	Architecture [2-2334]	 Time 1.0757	 Loss 1.4040	 flops 699530944.0
(0.0127, 0.1594, 0.9092)	Architecture [2-2339]	 Time 1.0944	 Loss 1.4188	 flops 699508288.0
(0.0127, 0.2084, 0.9035)	Architecture [2-2344]	 Time 1.1382	 Loss 1.4007	 flops 699485632.0
(0.0127, 0.1313, 0.8618)	Architecture [2-2349]	 Time 1.0191	 Loss 1.4059	 flops 699430912.0
(0.0470, 0.2041, 0.8919)	Architecture [2-2354]	 Time 1.1561	 Loss 1.4338	 flops 699395200.0
(0.0127, 0.1491, 0.9349)	Architecture [2-2359]	 Time 1.1112	 Loss 1.4247	 flops 699380608.0
(0.0127, 0.1373, 0.8399)	Architecture [2-2364]	 Time 1.0041	 Loss 1.4140	 flops 699312960.0
(0.0126, 0.1674, 0.8841)	Architecture [2-2369]	 Time 1.0771	 Loss 1.4101	 flops 699237312.0
(0.0127, 0.1263, 0.8857)	Architecture [2-2374]	 Time 1.0381	 Loss 1.4422	 flops 699164224.0
(0.0126, 0.2088, 0.8664)	Architecture [2-2379]	 Time 1.1017	 Loss 1.4145	 flops 699090752.0
(0.0127, 0.1329, 0.9524)	Architecture [2-2384]	 Time 1.1110	 Loss 1.4359	 flops 699028096.0
(0.0192, 0.1302, 0.9027)	Architecture [2-2389]	 Time 1.0651	 Loss 1.3885	 flops 698989376.0
(0.0128, 0.1348, 1.0195)	Architecture [2-2394]	 Time 1.1810	 Loss 1.3937	 flops 698937600.0
(0.0126, 0.1284, 0.8923)	Architecture [2-2399]	 Time 1.0489	 Loss 1.4126	 flops 698873792.0
(0.0128, 0.2109, 0.9104)	Architecture [2-2404]	 Time 1.1478	 Loss 1.4273	 flops 698847424.0
(0.0126, 0.1627, 0.9060)	Architecture [2-2409]	 Time 1.0966	 Loss 1.3755	 flops 698836096.0
(0.0128, 0.2635, 0.8760)	Architecture [2-2414]	 Time 1.1656	 Loss 1.3734	 flops 698772672.0
(0.0127, 0.1384, 0.8982)	Architecture [2-2419]	 Time 1.0630	 Loss 1.3917	 flops 698758848.0
(0.0195, 0.1344, 0.8945)	Architecture [2-2424]	 Time 1.0617	 Loss 1.3910	 flops 698678080.0
(0.0126, 0.1695, 0.9906)	Architecture [2-2429]	 Time 1.1854	 Loss 1.3656	 flops 698629376.0
(0.0159, 0.1364, 0.8966)	Architecture [2-2434]	 Time 1.0622	 Loss 1.3963	 flops 698623744.0
(0.0127, 0.2548, 0.8827)	Architecture [2-2439]	 Time 1.1660	 Loss 1.3816	 flops 698616384.0
(0.0126, 0.1287, 0.8845)	Architecture [2-2444]	 Time 1.0394	 Loss 1.3819	 flops 698559424.0
(0.0127, 0.1360, 0.8633)	Architecture [2-2449]	 Time 1.0263	 Loss 1.3936	 flops 698486656.0
(0.0127, 0.1264, 0.8681)	Architecture [2-2454]	 Time 1.0203	 Loss 1.3898	 flops 698458240.0
(0.0126, 0.1315, 0.9008)	Architecture [2-2459]	 Time 1.0585	 Loss 1.3811	 flops 698427328.0
(0.0127, 0.2580, 0.9057)	Architecture [2-2464]	 Time 1.1901	 Loss 1.3736	 flops 698396864.0
(0.0127, 0.1333, 0.8903)	Architecture [2-2469]	 Time 1.0494	 Loss 1.3849	 flops 698346816.0
(0.0126, 0.1727, 0.8584)	Architecture [2-2474]	 Time 1.0570	 Loss 1.3777	 flops 698277632.0
(0.0126, 0.1321, 0.8766)	Architecture [2-2479]	 Time 1.0363	 Loss 1.3895	 flops 698249536.0
(0.0127, 0.1313, 0.9061)	Architecture [2-2484]	 Time 1.0634	 Loss 1.4106	 flops 698185408.0
(0.0127, 0.2202, 0.9586)	Architecture [2-2489]	 Time 1.2048	 Loss 1.3952	 flops 698138880.0
(0.0126, 0.1709, 0.8954)	Architecture [2-2494]	 Time 1.0917	 Loss 1.3896	 flops 698097728.0
(0.0127, 0.2574, 0.9741)	Architecture [2-2499]	 Time 1.2584	 Loss 1.3531	 flops 698058240.0
(0.0150, 0.1224, 0.8869)	Architecture [2-2504]	 Time 1.0370	 Loss 1.3857	 flops 698043072.0
(0.0127, 0.1558, 0.9265)	Architecture [2-2509]	 Time 1.1088	 Loss 1.4203	 flops 697995520.0
(0.0127, 0.1261, 0.9312)	Architecture [2-2514]	 Time 1.0835	 Loss 1.3986	 flops 697963968.0
(0.0127, 0.1420, 0.8735)	Architecture [2-2519]	 Time 1.0684	 Loss 1.3600	 flops 697913728.0
(0.0127, 0.2364, 0.8974)	Architecture [2-2524]	 Time 1.1601	 Loss 1.3986	 flops 697898816.0
(0.0126, 0.1313, 0.8711)	Architecture [2-2529]	 Time 1.0281	 Loss 1.3812	 flops 697853440.0
(0.0126, 0.1239, 0.8793)	Architecture [2-2534]	 Time 1.0292	 Loss 1.4197	 flops 697853952.0
(0.0126, 0.1401, 0.9286)	Architecture [2-2539]	 Time 1.0961	 Loss 1.3632	 flops 697814912.0
(0.0127, 0.1336, 0.9067)	Architecture [2-2544]	 Time 1.0667	 Loss 1.3684	 flops 697724288.0
(0.0126, 0.2483, 0.8753)	Architecture [2-2549]	 Time 1.1543	 Loss 1.3740	 flops 697669184.0
(0.0126, 0.1307, 0.9027)	Architecture [2-2554]	 Time 1.0592	 Loss 1.4173	 flops 697619584.0
(0.0127, 0.2577, 0.8967)	Architecture [2-2559]	 Time 1.1812	 Loss 1.3784	 flops 697571008.0
(0.0127, 0.1663, 0.8873)	Architecture [2-2564]	 Time 1.0797	 Loss 1.3919	 flops 697490176.0
(0.0126, 0.1187, 0.9379)	Architecture [2-2569]	 Time 1.0834	 Loss 1.3577	 flops 697465472.0
(0.0134, 0.1290, 0.8892)	Architecture [2-2574]	 Time 1.0506	 Loss 1.3865	 flops 697448192.0
(0.0127, 0.1336, 0.8990)	Architecture [2-2579]	 Time 1.0591	 Loss 1.3859	 flops 697405440.0
(0.0127, 0.2349, 0.8873)	Architecture [2-2584]	 Time 1.1479	 Loss 1.3986	 flops 697357440.0
(0.0127, 0.1338, 0.8925)	Architecture [2-2589]	 Time 1.0518	 Loss 1.3646	 flops 697306816.0
(0.0126, 0.1304, 0.9387)	Architecture [2-2594]	 Time 1.0945	 Loss 1.4231	 flops 697290944.0
(0.0126, 0.1306, 0.8606)	Architecture [2-2599]	 Time 1.0178	 Loss 1.3501	 flops 697252480.0
(0.0126, 0.1666, 0.8767)	Architecture [2-2604]	 Time 1.0687	 Loss 1.3576	 flops 697183040.0
(0.0126, 0.2043, 0.8840)	Architecture [2-2609]	 Time 1.1145	 Loss 1.3868	 flops 697137152.0
(0.0126, 0.1377, 0.9100)	Architecture [2-2614]	 Time 1.0739	 Loss 1.4050	 flops 697060992.0
(0.0126, 0.1433, 0.9301)	Architecture [2-2619]	 Time 1.1009	 Loss 1.3907	 flops 697013824.0
(0.0126, 0.1628, 0.8527)	Architecture [2-2624]	 Time 1.0435	 Loss 1.4058	 flops 696972544.0
(0.0126, 0.1588, 0.8624)	Architecture [2-2629]	 Time 1.0488	 Loss 1.3958	 flops 696962496.0
(0.0127, 0.2245, 0.8749)	Architecture [2-2634]	 Time 1.1250	 Loss 1.3980	 flops 696920000.0
(0.0127, 0.1408, 0.9173)	Architecture [2-2639]	 Time 1.0843	 Loss 1.4205	 flops 696863360.0
(0.0281, 0.2179, 0.8487)	Architecture [2-2644]	 Time 1.1077	 Loss 1.3630	 flops 696792128.0
(0.0127, 0.1660, 0.8500)	Architecture [2-2649]	 Time 1.0425	 Loss 1.3549	 flops 696767424.0
(0.0127, 0.1331, 0.9247)	Architecture [2-2654]	 Time 1.0851	 Loss 1.3762	 flops 696782528.0
(0.0127, 0.1376, 0.9807)	Architecture [2-2659]	 Time 1.1447	 Loss 1.4075	 flops 696731968.0
(0.0130, 0.1602, 0.8697)	Architecture [2-2664]	 Time 1.0567	 Loss 1.3660	 flops 696673856.0
(0.0127, 0.2084, 0.9121)	Architecture [2-2669]	 Time 1.1462	 Loss 1.3750	 flops 696622912.0
(0.0126, 0.1261, 0.8312)	Architecture [2-2674]	 Time 0.9838	 Loss 1.3632	 flops 696568064.0
(0.0127, 0.1635, 0.8896)	Architecture [2-2679]	 Time 1.0797	 Loss 1.3917	 flops 696505216.0
(0.0127, 0.1469, 0.8849)	Architecture [2-2684]	 Time 1.0575	 Loss 1.4052	 flops 696465408.0
(0.0127, 0.1731, 0.9313)	Architecture [2-2689]	 Time 1.1300	 Loss 1.3939	 flops 696424064.0
(0.0127, 0.2240, 0.8316)	Architecture [2-2694]	 Time 1.0824	 Loss 1.3897	 flops 696368896.0
(0.0126, 0.1322, 0.9159)	Architecture [2-2699]	 Time 1.0744	 Loss 1.3654	 flops 696331840.0
(0.0127, 0.2520, 0.8858)	Architecture [2-2704]	 Time 1.1635	 Loss 1.3891	 flops 696289280.0
(0.0126, 0.1377, 0.9839)	Architecture [2-2709]	 Time 1.1479	 Loss 1.3955	 flops 696262144.0
(0.0126, 0.1296, 0.9677)	Architecture [2-2714]	 Time 1.1241	 Loss 1.4043	 flops 696204032.0
(0.0127, 0.2519, 0.9244)	Architecture [2-2719]	 Time 1.2042	 Loss 1.3716	 flops 696182336.0
(0.0126, 0.1367, 0.9578)	Architecture [2-2724]	 Time 1.1204	 Loss 1.4254	 flops 696139904.0
(0.0126, 0.2263, 0.8830)	Architecture [2-2729]	 Time 1.1400	 Loss 1.3623	 flops 696082048.0
(0.0127, 0.1456, 0.8432)	Architecture [2-2734]	 Time 1.0171	 Loss 1.3342	 flops 696059776.0
(0.0127, 0.1305, 0.9121)	Architecture [2-2739]	 Time 1.0694	 Loss 1.3829	 flops 696079104.0
(0.0127, 0.1725, 0.8928)	Architecture [2-2744]	 Time 1.0915	 Loss 1.4144	 flops 696058880.0
(0.0126, 0.1226, 0.9053)	Architecture [2-2749]	 Time 1.0532	 Loss 1.4003	 flops 696039808.0
(0.0127, 0.2852, 0.8881)	Architecture [2-2754]	 Time 1.1995	 Loss 1.3852	 flops 696015808.0
(0.0127, 0.1292, 0.8953)	Architecture [2-2759]	 Time 1.0512	 Loss 1.3890	 flops 695974784.0
(0.0126, 0.1276, 0.8737)	Architecture [2-2764]	 Time 1.0285	 Loss 1.3896	 flops 695908480.0
(0.0126, 0.1300, 0.9488)	Architecture [2-2769]	 Time 1.1040	 Loss 1.3783	 flops 695867264.0
(0.0126, 0.1201, 0.8818)	Architecture [2-2774]	 Time 1.0275	 Loss 1.4091	 flops 695812928.0
(0.0126, 0.2216, 0.9098)	Architecture [2-2779]	 Time 1.1608	 Loss 1.3758	 flops 695766848.0
(0.0127, 0.1374, 0.9411)	Architecture [2-2784]	 Time 1.1050	 Loss 1.4349	 flops 695752320.0
(0.0413, 0.2060, 0.8711)	Architecture [2-2789]	 Time 1.1318	 Loss 1.3936	 flops 695687040.0
(0.0126, 0.1324, 0.8792)	Architecture [2-2794]	 Time 1.0378	 Loss 1.3940	 flops 695622080.0
(0.0126, 0.1347, 0.9017)	Architecture [2-2799]	 Time 1.0622	 Loss 1.4021	 flops 695565824.0
(0.0127, 0.1663, 0.9755)	Architecture [2-2804]	 Time 1.1684	 Loss 1.4264	 flops 695552128.0
(0.0126, 0.1340, 0.9297)	Architecture [2-2809]	 Time 1.0893	 Loss 1.3791	 flops 695537408.0
(0.0176, 0.1937, 0.8739)	Architecture [2-2814]	 Time 1.0979	 Loss 1.4175	 flops 695497792.0
(0.0127, 0.1470, 0.9164)	Architecture [2-2819]	 Time 1.0896	 Loss 1.4051	 flops 695421824.0
(0.0126, 0.1247, 0.9186)	Architecture [2-2824]	 Time 1.0695	 Loss 1.3954	 flops 695415680.0
(0.0126, 0.1439, 0.8633)	Architecture [2-2829]	 Time 1.0333	 Loss 1.3795	 flops 695384832.0
(0.0126, 0.1314, 0.9011)	Architecture [2-2834]	 Time 1.0603	 Loss 1.3890	 flops 695352384.0
(0.0127, 0.2552, 0.8804)	Architecture [2-2839]	 Time 1.1606	 Loss 1.3876	 flops 695239808.0
(0.0163, 0.1174, 0.8720)	Architecture [2-2844]	 Time 1.0181	 Loss 1.3962	 flops 695212928.0
(0.0126, 0.1532, 0.8696)	Architecture [2-2849]	 Time 1.0482	 Loss 1.3895	 flops 695176064.0
(0.0126, 0.1660, 0.9129)	Architecture [2-2854]	 Time 1.1046	 Loss 1.3731	 flops 695099968.0
(0.0127, 0.1275, 0.8648)	Architecture [2-2859]	 Time 1.0198	 Loss 1.3679	 flops 695025920.0
(0.0126, 0.2116, 0.9394)	Architecture [2-2864]	 Time 1.1793	 Loss 1.3976	 flops 694986752.0
(0.0147, 0.1344, 0.8450)	Architecture [2-2869]	 Time 1.0075	 Loss 1.3669	 flops 694943872.0
(0.0126, 0.2434, 0.8881)	Architecture [2-2874]	 Time 1.1598	 Loss 1.4192	 flops 694913664.0
(0.0200, 0.1244, 0.8674)	Architecture [2-2879]	 Time 1.0250	 Loss 1.3723	 flops 694954688.0
(0.0381, 0.1251, 0.9047)	Architecture [2-2884]	 Time 1.0804	 Loss 1.3992	 flops 694897088.0
(0.0126, 0.1717, 0.9025)	Architecture [2-2889]	 Time 1.1009	 Loss 1.3810	 flops 694827648.0
(0.0126, 0.1238, 0.8657)	Architecture [2-2894]	 Time 1.0161	 Loss 1.3892	 flops 694847360.0
(0.0127, 0.2641, 0.8922)	Architecture [2-2899]	 Time 1.1817	 Loss 1.3946	 flops 694798656.0
(0.0126, 0.1313, 0.8994)	Architecture [2-2904]	 Time 1.0568	 Loss 1.3857	 flops 694750144.0
(0.0126, 0.1314, 0.8626)	Architecture [2-2909]	 Time 1.0195	 Loss 1.3925	 flops 694707712.0
(0.0126, 0.1293, 0.8847)	Architecture [2-2914]	 Time 1.0402	 Loss 1.3884	 flops 694654080.0
(0.0126, 0.1336, 0.9023)	Architecture [2-2919]	 Time 1.0642	 Loss 1.4175	 flops 694616768.0
(0.0127, 0.2452, 0.9072)	Architecture [2-2924]	 Time 1.1795	 Loss 1.3984	 flops 694542528.0
(0.0125, 0.1372, 0.8545)	Architecture [2-2929]	 Time 1.0179	 Loss 1.4114	 flops 694508800.0
(0.0125, 0.2110, 0.8740)	Architecture [2-2934]	 Time 1.1131	 Loss 1.4068	 flops 694465152.0
(0.0125, 0.1264, 0.9070)	Architecture [2-2939]	 Time 1.0591	 Loss 1.4278	 flops 694382208.0
(0.0125, 0.1217, 0.9047)	Architecture [2-2944]	 Time 1.0529	 Loss 1.4213	 flops 694320128.0
(0.0127, 0.1300, 0.9982)	Architecture [2-2949]	 Time 1.1537	 Loss 1.3909	 flops 694276992.0
(0.0126, 0.1333, 0.8900)	Architecture [2-2954]	 Time 1.0539	 Loss 1.4105	 flops 694218304.0
(0.0126, 0.2189, 0.8629)	Architecture [2-2959]	 Time 1.1130	 Loss 1.3689	 flops 694170432.0
(0.0125, 0.1356, 0.9019)	Architecture [2-2964]	 Time 1.0636	 Loss 1.4044	 flops 694098368.0
(0.0125, 0.1284, 0.8611)	Architecture [2-2969]	 Time 1.0163	 Loss 1.3898	 flops 694084224.0
(0.0126, 0.1298, 0.9054)	Architecture [2-2974]	 Time 1.0630	 Loss 1.3968	 flops 694047296.0
(0.0126, 0.1310, 0.9209)	Architecture [2-2979]	 Time 1.0790	 Loss 1.4736	 flops 694028544.0
(0.0125, 0.2005, 0.9056)	Architecture [2-2984]	 Time 1.1321	 Loss 1.4002	 flops 694052800.0
(0.0126, 0.1341, 0.8714)	Architecture [2-2989]	 Time 1.0324	 Loss 1.3866	 flops 694051200.0
(0.0125, 0.1387, 0.9028)	Architecture [2-2994]	 Time 1.0720	 Loss 1.4154	 flops 694023808.0
(0.0125, 0.1384, 0.8895)	Architecture [2-2999]	 Time 1.0578	 Loss 1.4159	 flops 693975040.0
(5.4416, 0.2198, 0.9002)	Architecture [2-3004]	 Time 6.5782	 Loss 1.4509	 flops 693938880.0
(0.0127, 0.3339, 0.9262)	Architecture [2-3009]	 Time 1.2874	 Loss 1.3986	 flops 693839616.0
(0.0126, 0.1394, 0.8870)	Architecture [2-3014]	 Time 1.0534	 Loss 1.3941	 flops 693808000.0
(0.0165, 0.2254, 0.8939)	Architecture [2-3019]	 Time 1.1497	 Loss 1.4034	 flops 693731328.0
(0.0126, 0.1299, 0.9474)	Architecture [2-3024]	 Time 1.1060	 Loss 1.3726	 flops 693685248.0
(0.0127, 0.1351, 0.9682)	Architecture [2-3029]	 Time 1.1315	 Loss 1.4131	 flops 693676992.0
(0.0126, 0.1772, 0.8622)	Architecture [2-3034]	 Time 1.0680	 Loss 1.4249	 flops 693633600.0
(0.0126, 0.1259, 0.8921)	Architecture [2-3039]	 Time 1.0480	 Loss 1.4160	 flops 693555648.0
(0.0127, 0.2340, 0.8838)	Architecture [2-3044]	 Time 1.1447	 Loss 1.4440	 flops 693484736.0
(0.0127, 0.1271, 0.9142)	Architecture [2-3049]	 Time 1.0684	 Loss 1.4459	 flops 693462464.0
(0.0127, 0.1534, 0.8499)	Architecture [2-3054]	 Time 1.0300	 Loss 1.4230	 flops 693444224.0
(0.0127, 0.1542, 0.9207)	Architecture [2-3059]	 Time 1.1016	 Loss 1.4248	 flops 693409216.0
(0.0157, 0.1331, 0.9599)	Architecture [2-3064]	 Time 1.1226	 Loss 1.4547	 flops 693395776.0
(0.0126, 0.2494, 0.8462)	Architecture [2-3069]	 Time 1.1218	 Loss 1.4247	 flops 693375360.0
(0.0126, 0.1440, 0.9224)	Architecture [2-3074]	 Time 1.0923	 Loss 1.4121	 flops 693324544.0
(0.0127, 0.2203, 0.8906)	Architecture [2-3079]	 Time 1.1377	 Loss 1.3920	 flops 693286464.0
(0.0127, 0.1411, 0.9255)	Architecture [2-3084]	 Time 1.0929	 Loss 1.3988	 flops 693264256.0
(0.0127, 0.1736, 0.8873)	Architecture [2-3089]	 Time 1.0921	 Loss 1.4036	 flops 693213376.0
(0.0128, 0.1697, 0.8581)	Architecture [2-3094]	 Time 1.0535	 Loss 1.3742	 flops 693171264.0
(0.0127, 0.1769, 0.8946)	Architecture [2-3099]	 Time 1.0975	 Loss 1.3674	 flops 693145728.0
(0.0126, 0.2163, 0.8599)	Architecture [2-3104]	 Time 1.1017	 Loss 1.4223	 flops 693124736.0
(0.0127, 0.1436, 0.8747)	Architecture [2-3109]	 Time 1.0445	 Loss 1.3652	 flops 693069248.0
(0.0126, 0.1339, 0.8560)	Architecture [2-3114]	 Time 1.0159	 Loss 1.3897	 flops 693041536.0
(0.0127, 0.1323, 0.8548)	Architecture [2-3119]	 Time 1.0137	 Loss 1.3735	 flops 693027456.0
(0.0126, 0.1740, 0.8981)	Architecture [2-3124]	 Time 1.0995	 Loss 1.3960	 flops 692975680.0
(0.0127, 0.2640, 0.9253)	Architecture [2-3129]	 Time 1.2174	 Loss 1.3870	 flops 692958400.0
(0.0127, 0.1457, 0.8754)	Architecture [2-3134]	 Time 1.0472	 Loss 1.3926	 flops 692920832.0
(0.0126, 0.1239, 0.8472)	Architecture [2-3139]	 Time 0.9970	 Loss 1.3801	 flops 692885248.0
(0.0127, 0.1733, 0.9303)	Architecture [2-3144]	 Time 1.1302	 Loss 1.4026	 flops 692889408.0
(0.0341, 0.1389, 0.8788)	Architecture [2-3149]	 Time 1.0647	 Loss 1.4652	 flops 692841856.0
(0.0127, 0.2702, 0.9232)	Architecture [2-3154]	 Time 1.2202	 Loss 1.3989	 flops 692805312.0
(0.0126, 0.1380, 0.8826)	Architecture [2-3159]	 Time 1.0478	 Loss 1.4072	 flops 692753408.0
(0.0386, 0.2440, 0.9042)	Architecture [2-3164]	 Time 1.1996	 Loss 1.3990	 flops 692708928.0
(0.0126, 0.1345, 0.8779)	Architecture [2-3169]	 Time 1.0392	 Loss 1.4412	 flops 692670016.0
(0.0126, 0.1139, 0.8962)	Architecture [2-3174]	 Time 1.0361	 Loss 1.3906	 flops 692611520.0
(0.0126, 0.1269, 0.9429)	Architecture [2-3179]	 Time 1.0959	 Loss 1.4106	 flops 692573952.0
(0.0434, 0.1292, 0.8774)	Architecture [2-3184]	 Time 1.0642	 Loss 1.3851	 flops 692511872.0
(0.0126, 0.2379, 0.8844)	Architecture [2-3189]	 Time 1.1488	 Loss 1.4139	 flops 692457344.0
(0.0138, 0.1303, 0.9593)	Architecture [2-3194]	 Time 1.1182	 Loss 1.3970	 flops 692382912.0
(0.0127, 0.1368, 0.9372)	Architecture [2-3199]	 Time 1.1021	 Loss 1.4057	 flops 692331328.0
(0.0421, 0.1417, 0.8658)	Architecture [2-3204]	 Time 1.0627	 Loss 1.4089	 flops 692233280.0
(0.0127, 0.1519, 0.8904)	Architecture [2-3209]	 Time 1.0681	 Loss 1.3731	 flops 692164480.0
(0.0126, 0.2466, 0.9209)	Architecture [2-3214]	 Time 1.1945	 Loss 1.3981	 flops 692107648.0
(0.0127, 0.1495, 0.8490)	Architecture [2-3219]	 Time 1.0246	 Loss 1.3899	 flops 692051456.0
(0.0126, 0.2159, 0.9353)	Architecture [2-3224]	 Time 2.1125	 Loss 1.4097	 flops 691987136.0
(0.0126, 0.1305, 0.8917)	Architecture [2-3229]	 Time 1.0490	 Loss 1.3910	 flops 691940928.0
(0.0424, 0.1329, 0.8942)	Architecture [2-3234]	 Time 1.0829	 Loss 1.3911	 flops 691865728.0
(0.0126, 0.2600, 0.9306)	Architecture [2-3239]	 Time 1.2185	 Loss 1.3967	 flops 691804096.0
(0.0127, 0.1733, 0.8651)	Architecture [2-3244]	 Time 1.0673	 Loss 1.3906	 flops 691724992.0
(0.0459, 0.2734, 0.8441)	Architecture [2-3249]	 Time 1.1799	 Loss 1.3866	 flops 691697344.0
(0.0128, 0.1463, 0.9121)	Architecture [2-3254]	 Time 1.0844	 Loss 1.4007	 flops 691654080.0
(0.0126, 0.1230, 0.8718)	Architecture [2-3259]	 Time 1.0281	 Loss 1.3868	 flops 691597504.0
(0.0136, 0.1767, 0.9044)	Architecture [2-3264]	 Time 1.1090	 Loss 1.4045	 flops 691542400.0
(0.0126, 0.1261, 0.9124)	Architecture [2-3269]	 Time 1.0656	 Loss 1.4188	 flops 691477376.0
(0.0126, 0.2666, 0.9014)	Architecture [2-3274]	 Time 1.1965	 Loss 1.4343	 flops 691431360.0
(0.0127, 0.1289, 0.8586)	Architecture [2-3279]	 Time 1.0160	 Loss 1.4249	 flops 691375232.0
(0.0127, 0.1671, 0.8604)	Architecture [2-3284]	 Time 1.0572	 Loss 1.4077	 flops 691342976.0
(0.0126, 0.1691, 0.9029)	Architecture [2-3289]	 Time 1.0992	 Loss 1.4387	 flops 691292480.0
(0.0155, 0.1415, 0.9303)	Architecture [2-3294]	 Time 1.1036	 Loss 1.4468	 flops 691217472.0
(0.0127, 0.2423, 0.8571)	Architecture [2-3299]	 Time 1.1264	 Loss 1.4048	 flops 691173376.0
(0.0127, 0.1342, 0.9346)	Architecture [2-3304]	 Time 1.0981	 Loss 1.4027	 flops 691122112.0
(0.0127, 0.2667, 0.9382)	Architecture [2-3309]	 Time 1.2321	 Loss 1.4013	 flops 691097728.0
(0.0126, 0.1596, 0.9063)	Architecture [2-3314]	 Time 1.0926	 Loss 1.4221	 flops 691048960.0
(0.0127, 0.1414, 0.9181)	Architecture [2-3319]	 Time 1.0857	 Loss 1.4250	 flops 690987904.0
(0.0198, 0.1342, 1.0371)	Architecture [2-3324]	 Time 1.2047	 Loss 1.3998	 flops 690992000.0
(0.0126, 0.1253, 0.8749)	Architecture [2-3329]	 Time 1.0274	 Loss 1.4133	 flops 690948032.0
(0.0126, 0.2576, 0.8546)	Architecture [2-3334]	 Time 1.1384	 Loss 1.3939	 flops 690924480.0
(0.0127, 0.1782, 0.8657)	Architecture [2-3339]	 Time 1.0707	 Loss 1.3991	 flops 690887488.0
(0.0127, 0.1360, 0.8699)	Architecture [2-3344]	 Time 1.0330	 Loss 1.4186	 flops 690847424.0
(0.0126, 0.1316, 0.9626)	Architecture [2-3349]	 Time 1.1247	 Loss 1.4175	 flops 690786752.0
(0.0126, 0.1460, 0.8900)	Architecture [2-3354]	 Time 1.0618	 Loss 1.4517	 flops 690734592.0
(0.0127, 0.2653, 0.8421)	Architecture [2-3359]	 Time 1.1330	 Loss 1.4158	 flops 690672064.0
(0.0192, 0.1192, 0.8808)	Architecture [2-3364]	 Time 1.0324	 Loss 1.4325	 flops 690609408.0
(0.0126, 0.1530, 0.9280)	Architecture [2-3369]	 Time 1.1076	 Loss 1.4094	 flops 690577856.0
(0.0127, 0.1576, 0.8527)	Architecture [2-3374]	 Time 1.0405	 Loss 1.4328	 flops 690548992.0
(0.0126, 0.1249, 0.8779)	Architecture [2-3379]	 Time 1.0293	 Loss 1.4033	 flops 690502080.0
(0.0126, 0.2269, 0.9494)	Architecture [2-3384]	 Time 1.2033	 Loss 1.4364	 flops 690455168.0
(0.0126, 0.1282, 0.9277)	Architecture [2-3389]	 Time 1.0825	 Loss 1.3994	 flops 690408064.0
(0.0126, 0.2617, 0.8407)	Architecture [2-3394]	 Time 1.1291	 Loss 1.3977	 flops 690337344.0
(0.0126, 0.1667, 0.8685)	Architecture [2-3399]	 Time 1.0623	 Loss 1.4066	 flops 690270656.0
(0.0126, 0.1707, 0.8541)	Architecture [2-3404]	 Time 1.0505	 Loss 1.4398	 flops 690233920.0
(0.0126, 0.1349, 0.9047)	Architecture [2-3409]	 Time 1.0658	 Loss 1.3683	 flops 690172736.0
(0.0126, 0.1418, 0.8531)	Architecture [2-3414]	 Time 1.0204	 Loss 1.3776	 flops 690119104.0
(0.0126, 0.2586, 0.8946)	Architecture [2-3419]	 Time 1.1801	 Loss 1.3926	 flops 690071296.0
(0.0126, 0.1485, 0.9230)	Architecture [2-3424]	 Time 1.0987	 Loss 1.3867	 flops 689994304.0
(0.0127, 0.1666, 0.8555)	Architecture [2-3429]	 Time 1.0488	 Loss 1.3801	 flops 689920576.0
(0.0193, 0.1291, 0.8905)	Architecture [2-3434]	 Time 1.0529	 Loss 1.3838	 flops 689908224.0
(0.0126, 0.1660, 0.8464)	Architecture [2-3439]	 Time 1.0391	 Loss 1.4021	 flops 689856000.0
(0.0126, 0.2623, 0.8880)	Architecture [2-3444]	 Time 1.1767	 Loss 1.3658	 flops 689768640.0
(0.0126, 0.1434, 0.8443)	Architecture [2-3449]	 Time 1.0161	 Loss 1.3976	 flops 689689344.0
(0.0126, 0.2304, 0.8632)	Architecture [2-3454]	 Time 1.1210	 Loss 1.4116	 flops 689627328.0
(0.0127, 0.1202, 0.8768)	Architecture [2-3459]	 Time 1.0219	 Loss 1.3777	 flops 689578944.0
(0.0126, 0.1650, 0.8611)	Architecture [2-3464]	 Time 1.0538	 Loss 1.3697	 flops 689538432.0
(0.0127, 0.1705, 0.9699)	Architecture [2-3469]	 Time 1.1665	 Loss 1.3939	 flops 689476672.0
(0.0337, 0.1294, 0.8786)	Architecture [2-3474]	 Time 1.0553	 Loss 1.3936	 flops 689432704.0
(0.0127, 0.2291, 0.8521)	Architecture [2-3479]	 Time 1.1078	 Loss 1.4158	 flops 689389824.0
(0.0126, 0.1445, 0.8561)	Architecture [2-3484]	 Time 1.0275	 Loss 1.4195	 flops 689281472.0
(0.0126, 0.1702, 0.9220)	Architecture [2-3489]	 Time 1.1221	 Loss 1.3950	 flops 689219008.0
(0.0126, 0.1438, 0.8884)	Architecture [2-3494]	 Time 1.0581	 Loss 1.4013	 flops 689159936.0
(0.0126, 0.1282, 0.9599)	Architecture [2-3499]	 Time 1.1154	 Loss 1.3559	 flops 689088768.0
(0.0126, 0.2127, 0.8647)	Architecture [2-3504]	 Time 1.1039	 Loss 1.3996	 flops 689057280.0
(0.0126, 0.1579, 0.8599)	Architecture [2-3509]	 Time 1.0446	 Loss 1.3968	 flops 689031552.0
(0.0126, 0.1476, 0.9017)	Architecture [2-3514]	 Time 1.0773	 Loss 1.4128	 flops 688988992.0
(0.0126, 0.1317, 0.9232)	Architecture [2-3519]	 Time 1.1057	 Loss 1.3410	 flops 688930560.0
(0.0127, 0.1697, 0.8827)	Architecture [2-3524]	 Time 1.0789	 Loss 1.3960	 flops 688841088.0
(0.0126, 0.2585, 0.8805)	Architecture [2-3529]	 Time 1.1660	 Loss 1.3873	 flops 688778432.0
(0.0126, 0.1354, 0.9111)	Architecture [2-3534]	 Time 1.0737	 Loss 1.3953	 flops 688711232.0
(0.0126, 0.2340, 0.8427)	Architecture [2-3539]	 Time 1.1025	 Loss 1.3789	 flops 688652288.0
(0.0126, 0.1334, 0.8413)	Architecture [2-3544]	 Time 1.0005	 Loss 1.3900	 flops 688603200.0
(0.0126, 0.1385, 0.8523)	Architecture [2-3549]	 Time 1.0183	 Loss 1.3826	 flops 688534272.0
(0.0126, 0.1755, 0.8769)	Architecture [2-3554]	 Time 1.0794	 Loss 1.4069	 flops 688455104.0
(0.0126, 0.1451, 0.8480)	Architecture [2-3559]	 Time 1.0199	 Loss 1.3681	 flops 688350464.0
(0.0126, 0.2181, 0.9618)	Architecture [2-3564]	 Time 1.2073	 Loss 1.3831	 flops 688324288.0
(0.0126, 0.1278, 0.8547)	Architecture [2-3569]	 Time 1.0093	 Loss 1.3741	 flops 688256448.0
(0.0126, 0.1292, 0.8653)	Architecture [2-3574]	 Time 1.0204	 Loss 1.3845	 flops 688201856.0
(0.0183, 0.1220, 0.8863)	Architecture [2-3579]	 Time 1.0410	 Loss 1.3825	 flops 688139136.0
(0.0127, 0.1363, 0.9046)	Architecture [2-3584]	 Time 1.0689	 Loss 1.3987	 flops 688084736.0
(0.0126, 0.2461, 0.8597)	Architecture [2-3589]	 Time 1.1320	 Loss 1.3786	 flops 688013632.0
(0.0127, 0.1502, 0.9208)	Architecture [2-3594]	 Time 1.0986	 Loss 1.4395	 flops 687971328.0
(0.0346, 0.2454, 0.8362)	Architecture [2-3599]	 Time 1.1308	 Loss 1.3586	 flops 687905920.0
(0.0126, 0.1395, 0.8525)	Architecture [2-3604]	 Time 1.0183	 Loss 1.3829	 flops 687881088.0
(0.0126, 0.1267, 0.9170)	Architecture [2-3609]	 Time 1.0702	 Loss 1.3923	 flops 687807616.0
(0.0127, 0.1418, 0.9431)	Architecture [2-3614]	 Time 1.1104	 Loss 1.3872	 flops 687763072.0
(0.0126, 0.1225, 0.8894)	Architecture [2-3619]	 Time 1.0377	 Loss 1.3898	 flops 687717952.0
(0.0127, 0.2488, 0.8911)	Architecture [2-3624]	 Time 1.1652	 Loss 1.3770	 flops 687652416.0
(0.0126, 0.1309, 0.9055)	Architecture [2-3629]	 Time 1.0624	 Loss 1.4080	 flops 687575616.0
(0.0126, 0.1569, 0.8689)	Architecture [2-3634]	 Time 1.0534	 Loss 1.3891	 flops 687469952.0
(0.0126, 0.1291, 0.9081)	Architecture [2-3639]	 Time 1.0649	 Loss 1.4261	 flops 687430976.0
(0.0126, 0.1414, 0.8953)	Architecture [2-3644]	 Time 1.0625	 Loss 1.3578	 flops 687339328.0
(0.0127, 0.2730, 0.9338)	Architecture [2-3649]	 Time 1.2346	 Loss 1.3683	 flops 687313280.0
(0.0167, 0.1365, 0.9199)	Architecture [2-3654]	 Time 1.0889	 Loss 1.3759	 flops 687320512.0
(0.0258, 0.1226, 0.9152)	Architecture [2-3659]	 Time 1.0757	 Loss 1.3992	 flops 687262528.0
(0.0129, 0.1716, 0.9044)	Architecture [2-3664]	 Time 1.1026	 Loss 1.3793	 flops 687208832.0
(0.0127, 0.1313, 0.8823)	Architecture [2-3669]	 Time 1.0405	 Loss 1.3792	 flops 687149632.0
(0.0127, 0.2123, 0.8939)	Architecture [2-3674]	 Time 1.1325	 Loss 1.3762	 flops 687108608.0
(0.0126, 0.1413, 0.8983)	Architecture [2-3679]	 Time 1.0668	 Loss 1.3935	 flops 687045568.0
(0.0127, 0.2476, 0.9569)	Architecture [2-3684]	 Time 1.2318	 Loss 1.4008	 flops 686988544.0
(0.0126, 0.1385, 0.8810)	Architecture [2-3689]	 Time 1.0453	 Loss 1.3986	 flops 686912640.0
(0.0127, 0.1650, 0.8691)	Architecture [2-3694]	 Time 1.0617	 Loss 1.3860	 flops 686876096.0
(0.0126, 0.1279, 0.9226)	Architecture [2-3699]	 Time 1.0769	 Loss 1.3762	 flops 686813184.0
(0.0126, 0.1378, 0.8704)	Architecture [2-3704]	 Time 1.0352	 Loss 1.3768	 flops 686781184.0
(0.0126, 0.2087, 0.8804)	Architecture [2-3709]	 Time 1.1147	 Loss 1.4272	 flops 686710720.0
(0.0174, 0.1288, 0.8606)	Architecture [2-3714]	 Time 1.0204	 Loss 1.4007	 flops 686652672.0
(0.0126, 0.1608, 0.8659)	Architecture [2-3719]	 Time 1.0545	 Loss 1.3806	 flops 686607488.0
(0.0143, 0.1743, 0.8827)	Architecture [2-3724]	 Time 1.0899	 Loss 1.4178	 flops 686557056.0
(0.0126, 0.1323, 0.9076)	Architecture [2-3729]	 Time 1.0664	 Loss 1.3786	 flops 686488256.0
(0.0126, 0.2129, 0.9192)	Architecture [2-3734]	 Time 1.1591	 Loss 1.3520	 flops 686442816.0
(0.0126, 0.1374, 0.9283)	Architecture [2-3739]	 Time 1.0921	 Loss 1.3930	 flops 686386560.0
(0.0127, 0.2217, 0.8671)	Architecture [2-3744]	 Time 1.1149	 Loss 1.4148	 flops 686330560.0
(0.0127, 0.1373, 0.8997)	Architecture [2-3749]	 Time 1.0631	 Loss 1.4080	 flops 686212416.0
(0.0195, 0.1265, 0.9009)	Architecture [2-3754]	 Time 1.0644	 Loss 1.3956	 flops 686119168.0
(0.0126, 0.1394, 0.8939)	Architecture [2-3759]	 Time 1.0602	 Loss 1.3780	 flops 686081920.0
(0.0127, 0.1680, 0.9098)	Architecture [2-3764]	 Time 1.1042	 Loss 1.3997	 flops 686025920.0
(0.0127, 0.2344, 0.8920)	Architecture [2-3769]	 Time 1.1518	 Loss 1.3802	 flops 685954880.0
(0.0126, 0.1538, 0.9325)	Architecture [2-3774]	 Time 1.1127	 Loss 1.4185	 flops 685889536.0
(0.0126, 0.1344, 0.8604)	Architecture [2-3779]	 Time 1.0207	 Loss 1.3689	 flops 685820224.0
(0.0126, 0.1295, 0.8318)	Architecture [2-3784]	 Time 0.9868	 Loss 1.4387	 flops 685785984.0
(0.0126, 0.1398, 0.9136)	Architecture [2-3789]	 Time 1.0787	 Loss 1.3934	 flops 685702400.0
(0.0394, 0.2198, 0.9360)	Architecture [2-3794]	 Time 1.2082	 Loss 1.3951	 flops 685659328.0
(0.0126, 0.1323, 0.9194)	Architecture [2-3799]	 Time 1.0770	 Loss 1.4086	 flops 685595008.0
(0.0146, 0.1280, 0.9196)	Architecture [2-3804]	 Time 1.0764	 Loss 1.4333	 flops 685544960.0
(0.0128, 0.1360, 0.8772)	Architecture [2-3809]	 Time 1.0399	 Loss 1.3784	 flops 685456192.0
(0.0464, 0.1251, 0.8735)	Architecture [2-3814]	 Time 1.0585	 Loss 1.4235	 flops 685369280.0
(0.0127, 0.2081, 0.8974)	Architecture [2-3819]	 Time 1.1326	 Loss 1.3964	 flops 685316672.0
(0.0127, 0.1400, 0.8679)	Architecture [2-3824]	 Time 1.0333	 Loss 1.4285	 flops 685265152.0
(0.0127, 0.2556, 0.9230)	Architecture [2-3829]	 Time 1.2050	 Loss 1.3579	 flops 685149184.0
(0.0126, 0.1338, 0.8507)	Architecture [2-3834]	 Time 1.0105	 Loss 1.3903	 flops 685144704.0
(0.0148, 0.1322, 0.8975)	Architecture [2-3839]	 Time 1.0582	 Loss 1.3875	 flops 685056448.0
(0.0126, 0.1583, 0.9372)	Architecture [2-3844]	 Time 1.1206	 Loss 1.4230	 flops 684972928.0
(0.0126, 0.1433, 0.9287)	Architecture [2-3849]	 Time 1.0984	 Loss 1.3842	 flops 684918208.0
(0.0127, 0.2213, 0.8733)	Architecture [2-3854]	 Time 1.1217	 Loss 1.3646	 flops 684878720.0
(0.0126, 0.1505, 0.8893)	Architecture [2-3859]	 Time 1.0673	 Loss 1.3601	 flops 684832512.0
(0.0127, 0.1390, 0.8551)	Architecture [2-3864]	 Time 1.0215	 Loss 1.3990	 flops 684811840.0
(0.0127, 0.1788, 0.8784)	Architecture [2-3869]	 Time 1.0835	 Loss 1.3541	 flops 684738176.0
(0.0126, 0.1580, 0.9010)	Architecture [2-3874]	 Time 1.0861	 Loss 1.3843	 flops 684660416.0
(0.0127, 0.3153, 0.8636)	Architecture [2-3879]	 Time 1.2087	 Loss 1.3899	 flops 684560256.0
(0.0127, 0.1413, 0.8708)	Architecture [2-3884]	 Time 1.0386	 Loss 1.3950	 flops 684494336.0
(0.0127, 0.2629, 0.8694)	Architecture [2-3889]	 Time 1.1599	 Loss 1.3815	 flops 684435392.0
(0.0126, 0.1380, 0.8925)	Architecture [2-3894]	 Time 1.0573	 Loss 1.3926	 flops 684393664.0
(0.0126, 0.1290, 0.8892)	Architecture [2-3899]	 Time 1.0446	 Loss 1.3815	 flops 684328960.0
(0.0127, 0.2853, 0.8912)	Architecture [2-3904]	 Time 1.2031	 Loss 1.3844	 flops 684272256.0
(0.0140, 0.1380, 0.8881)	Architecture [2-3909]	 Time 1.0550	 Loss 1.3909	 flops 684219584.0
(0.0127, 0.2770, 0.9329)	Architecture [2-3914]	 Time 1.2366	 Loss 1.4019	 flops 684163712.0
(0.0127, 0.1594, 0.9505)	Architecture [2-3919]	 Time 1.1366	 Loss 1.3807	 flops 684105152.0
(0.0125, 0.1636, 0.8770)	Architecture [2-3924]	 Time 1.0685	 Loss 1.3871	 flops 684035136.0
(0.0125, 0.1311, 0.8826)	Architecture [2-3929]	 Time 1.0404	 Loss 1.4080	 flops 683979968.0
(0.0126, 0.1335, 0.8683)	Architecture [2-3934]	 Time 1.0295	 Loss 1.4077	 flops 683947520.0
(0.0125, 0.2247, 0.8887)	Architecture [2-3939]	 Time 1.1408	 Loss 1.4172	 flops 683899072.0
(0.0126, 0.1401, 0.8460)	Architecture [2-3944]	 Time 1.0125	 Loss 1.4338	 flops 683882240.0
(0.0125, 0.1216, 0.8559)	Architecture [2-3949]	 Time 1.0035	 Loss 1.4042	 flops 683828544.0
(0.0125, 0.1396, 0.8880)	Architecture [2-3954]	 Time 1.0531	 Loss 1.4216	 flops 683773312.0
(0.0125, 0.1403, 0.8526)	Architecture [2-3959]	 Time 1.0229	 Loss 1.3658	 flops 683719040.0
(0.0125, 0.2238, 0.8739)	Architecture [2-3964]	 Time 1.1243	 Loss 1.3928	 flops 683726080.0
(0.0125, 0.1338, 0.8985)	Architecture [2-3969]	 Time 1.0649	 Loss 1.3987	 flops 683690688.0
(0.0125, 0.2226, 0.8865)	Architecture [2-3974]	 Time 1.1363	 Loss 1.4052	 flops 683618944.0
(0.0126, 0.1320, 0.9049)	Architecture [2-3979]	 Time 1.0635	 Loss 1.4636	 flops 683570496.0
(0.0125, 0.1257, 0.8780)	Architecture [2-3984]	 Time 1.0303	 Loss 1.3714	 flops 683474624.0
(0.0125, 0.1308, 0.9351)	Architecture [2-3989]	 Time 1.0917	 Loss 1.3882	 flops 683439168.0
(0.0125, 0.1398, 0.8628)	Architecture [2-3994]	 Time 1.0290	 Loss 1.4161	 flops 683427136.0
(0.0126, 0.2125, 0.8632)	Architecture [2-3999]	 Time 1.1023	 Loss 1.4193	 flops 683420800.0
(5.4772, 0.2547, 0.9272)	Architecture [2-4004]	 Time 6.6784	 Loss 1.4478	 flops 683406528.0
(0.0125, 0.1253, 0.8656)	Architecture [2-4009]	 Time 1.0212	 Loss 1.3979	 flops 683362432.0
(0.0138, 0.1891, 0.9176)	Architecture [2-4014]	 Time 1.1367	 Loss 1.3998	 flops 683315776.0
(0.0128, 0.1401, 0.8826)	Architecture [2-4019]	 Time 1.0549	 Loss 1.4003	 flops 683283584.0
(0.0127, 0.2661, 0.8965)	Architecture [2-4024]	 Time 1.1936	 Loss 1.3720	 flops 683221760.0
(0.0129, 0.1420, 0.8424)	Architecture [2-4029]	 Time 1.0112	 Loss 1.4234	 flops 683178432.0
(0.0127, 0.1563, 0.8616)	Architecture [2-4034]	 Time 1.0439	 Loss 1.4173	 flops 683134720.0
(0.0138, 0.1705, 0.8947)	Architecture [2-4039]	 Time 1.0949	 Loss 1.4237	 flops 683100608.0
(0.0127, 0.1729, 0.8536)	Architecture [2-4044]	 Time 1.0530	 Loss 1.4467	 flops 683071296.0
(0.0127, 0.2268, 0.8651)	Architecture [2-4049]	 Time 1.1451	 Loss 1.4516	 flops 683023680.0
(0.0128, 0.1381, 0.9274)	Architecture [2-4054]	 Time 1.0935	 Loss 1.4117	 flops 682955840.0
(0.0126, 0.3009, 0.8531)	Architecture [2-4059]	 Time 1.1817	 Loss 1.4193	 flops 682904704.0
(0.0137, 0.1634, 0.8357)	Architecture [2-4064]	 Time 1.0261	 Loss 1.4682	 flops 682851968.0
(0.0126, 0.1644, 0.8518)	Architecture [2-4069]	 Time 1.0423	 Loss 1.4437	 flops 682823296.0
(0.0126, 0.1639, 0.8788)	Architecture [2-4074]	 Time 1.0690	 Loss 1.4185	 flops 682799808.0
(0.0127, 0.1664, 0.9296)	Architecture [2-4079]	 Time 1.1228	 Loss 1.4006	 flops 682779456.0
(0.0126, 0.2743, 0.8926)	Architecture [2-4084]	 Time 1.1922	 Loss 1.3951	 flops 682750400.0
(0.0126, 0.1402, 0.9002)	Architecture [2-4089]	 Time 1.0673	 Loss 1.4009	 flops 682734656.0
(0.0126, 0.1336, 0.8905)	Architecture [2-4094]	 Time 1.0511	 Loss 1.3929	 flops 682694720.0
(0.0126, 0.1326, 0.9401)	Architecture [2-4099]	 Time 1.0979	 Loss 1.3904	 flops 682632960.0
(0.0126, 0.1243, 0.8883)	Architecture [2-4104]	 Time 1.0393	 Loss 1.4072	 flops 682598912.0
(0.0126, 0.2230, 0.9478)	Architecture [2-4109]	 Time 1.1973	 Loss 1.3678	 flops 682570112.0
(0.0127, 0.1555, 0.9179)	Architecture [2-4114]	 Time 1.1004	 Loss 1.4007	 flops 682573056.0
(0.0127, 0.2684, 0.8683)	Architecture [2-4119]	 Time 1.1642	 Loss 1.3785	 flops 682497728.0
(0.0126, 0.1415, 0.9077)	Architecture [2-4124]	 Time 1.0750	 Loss 1.3736	 flops 682466432.0
(0.0126, 0.1247, 0.8835)	Architecture [2-4129]	 Time 1.0352	 Loss 1.3819	 flops 682401728.0
(0.0127, 0.1726, 0.9546)	Architecture [2-4134]	 Time 1.1539	 Loss 1.3874	 flops 682371968.0
(0.0126, 0.1305, 0.9367)	Architecture [2-4139]	 Time 1.0943	 Loss 1.3786	 flops 682340736.0
(0.0252, 0.2558, 0.8767)	Architecture [2-4144]	 Time 1.1734	 Loss 1.4175	 flops 682304960.0
(0.0126, 0.1286, 0.8568)	Architecture [2-4149]	 Time 1.0130	 Loss 1.4777	 flops 682247296.0
(0.0126, 0.1365, 0.8650)	Architecture [2-4154]	 Time 1.0276	 Loss 1.4060	 flops 682174656.0
(0.0239, 0.1814, 0.9012)	Architecture [2-4159]	 Time 1.1221	 Loss 1.4016	 flops 682115776.0
(0.0126, 0.1357, 0.8951)	Architecture [2-4164]	 Time 1.0578	 Loss 1.4089	 flops 682049536.0
(0.0127, 0.2513, 0.8831)	Architecture [2-4169]	 Time 1.1622	 Loss 1.4354	 flops 681984960.0
(0.0126, 0.1400, 0.8936)	Architecture [2-4174]	 Time 1.0607	 Loss 1.3974	 flops 681931520.0
(0.0126, 0.1353, 0.8740)	Architecture [2-4179]	 Time 1.0352	 Loss 1.4199	 flops 681896128.0
(0.0126, 0.1598, 0.8311)	Architecture [2-4184]	 Time 1.0178	 Loss 1.4106	 flops 681860480.0
(0.0126, 0.1303, 0.9177)	Architecture [2-4189]	 Time 1.0748	 Loss 1.4323	 flops 681816192.0
(0.0126, 0.2251, 0.9074)	Architecture [2-4194]	 Time 1.1592	 Loss 1.4082	 flops 681767680.0
(0.0126, 0.1315, 0.9165)	Architecture [2-4199]	 Time 1.0742	 Loss 1.4091	 flops 681724288.0
(0.0163, 0.2628, 0.8686)	Architecture [2-4204]	 Time 1.1634	 Loss 1.4190	 flops 681684928.0
(0.0126, 0.1419, 0.9008)	Architecture [2-4209]	 Time 1.0699	 Loss 1.3899	 flops 681599040.0
(0.0457, 0.1406, 0.8916)	Architecture [2-4214]	 Time 1.0946	 Loss 1.4065	 flops 681560512.0
(0.0126, 0.1452, 0.9613)	Architecture [2-4219]	 Time 1.1353	 Loss 1.3860	 flops 681500352.0
(0.0126, 0.1401, 0.9018)	Architecture [2-4224]	 Time 1.0692	 Loss 1.3917	 flops 681448832.0
(0.0127, 0.2593, 0.8506)	Architecture [2-4229]	 Time 1.1369	 Loss 1.4087	 flops 681413184.0
(0.0127, 0.1714, 0.8858)	Architecture [2-4234]	 Time 1.0849	 Loss 1.3952	 flops 681367232.0
(0.0126, 0.1499, 0.9400)	Architecture [2-4239]	 Time 1.1167	 Loss 1.3938	 flops 681293440.0
(0.0126, 0.1363, 0.8964)	Architecture [2-4244]	 Time 1.0589	 Loss 1.3926	 flops 681243968.0
(0.0126, 0.1313, 0.8686)	Architecture [2-4249]	 Time 1.0302	 Loss 1.3864	 flops 681189504.0
(0.0126, 0.2235, 0.8875)	Architecture [2-4254]	 Time 1.1375	 Loss 1.3919	 flops 681135104.0
(0.0126, 0.1330, 0.8860)	Architecture [2-4259]	 Time 1.0464	 Loss 1.3798	 flops 681042048.0
(0.0158, 0.2531, 0.8915)	Architecture [2-4264]	 Time 1.1767	 Loss 1.4078	 flops 680981056.0
(0.0127, 0.1442, 0.9300)	Architecture [2-4269]	 Time 1.1008	 Loss 1.4182	 flops 680944768.0
(0.0127, 0.1306, 0.9282)	Architecture [2-4274]	 Time 1.0869	 Loss 1.4209	 flops 680905920.0
(0.0355, 0.1312, 0.9608)	Architecture [2-4279]	 Time 1.1413	 Loss 1.4472	 flops 680860544.0
(0.0126, 0.1592, 0.9021)	Architecture [2-4284]	 Time 1.0888	 Loss 1.3982	 flops 680840448.0
(0.0126, 0.2487, 0.9021)	Architecture [2-4289]	 Time 1.1771	 Loss 1.4168	 flops 680779392.0
(0.0127, 0.1337, 0.9392)	Architecture [2-4294]	 Time 1.1010	 Loss 1.4687	 flops 680722048.0
(0.0126, 0.1549, 0.8972)	Architecture [2-4299]	 Time 1.0782	 Loss 1.4005	 flops 680674368.0
(0.0127, 0.1481, 0.9101)	Architecture [2-4304]	 Time 1.0862	 Loss 1.4218	 flops 680633280.0
(0.0127, 0.1285, 0.9007)	Architecture [2-4309]	 Time 1.0551	 Loss 1.4166	 flops 680594880.0
(0.0126, 0.2197, 0.9458)	Architecture [2-4314]	 Time 1.1941	 Loss 1.4156	 flops 680556544.0
(0.0127, 0.1532, 0.9396)	Architecture [2-4319]	 Time 1.1204	 Loss 1.4140	 flops 680511040.0
(0.0127, 0.1826, 0.8928)	Architecture [2-4324]	 Time 1.1023	 Loss 1.4152	 flops 680445504.0
(0.0126, 0.1350, 0.8669)	Architecture [2-4329]	 Time 1.0297	 Loss 1.4326	 flops 680439872.0
(0.0127, 0.1932, 0.9547)	Architecture [2-4334]	 Time 1.1793	 Loss 1.4216	 flops 680360576.0
(0.0127, 0.2872, 0.9101)	Architecture [2-4339]	 Time 1.2235	 Loss 1.4172	 flops 680311168.0
(0.0126, 0.1383, 0.8932)	Architecture [2-4344]	 Time 1.0587	 Loss 1.4281	 flops 680257152.0
(0.0126, 0.2121, 0.8937)	Architecture [2-4349]	 Time 1.1320	 Loss 1.4104	 flops 680203584.0
(0.0126, 0.1371, 0.8848)	Architecture [2-4354]	 Time 1.0481	 Loss 1.4534	 flops 680147904.0
(0.0126, 0.1668, 0.8643)	Architecture [2-4359]	 Time 1.0583	 Loss 1.4142	 flops 680099008.0
(0.0126, 0.1323, 0.9188)	Architecture [2-4364]	 Time 1.0775	 Loss 1.4208	 flops 680043776.0
(0.0198, 0.1322, 0.8627)	Architecture [2-4369]	 Time 1.0295	 Loss 1.4050	 flops 679993792.0
(0.0127, 0.2722, 0.8397)	Architecture [2-4374]	 Time 1.1406	 Loss 1.4439	 flops 679962240.0
(0.0127, 0.1400, 0.8926)	Architecture [2-4379]	 Time 1.0594	 Loss 1.4340	 flops 679906048.0
(0.0127, 0.1264, 0.9058)	Architecture [2-4384]	 Time 1.0585	 Loss 1.4395	 flops 679852928.0
(0.0127, 0.1321, 0.9180)	Architecture [2-4389]	 Time 1.0782	 Loss 1.4161	 flops 679800832.0
(0.0126, 0.1326, 0.9260)	Architecture [2-4394]	 Time 1.0852	 Loss 1.4042	 flops 679755200.0
(0.0126, 0.2759, 0.9047)	Architecture [2-4399]	 Time 1.2113	 Loss 1.3977	 flops 679663424.0
(0.0145, 0.1192, 0.9180)	Architecture [2-4404]	 Time 1.0660	 Loss 1.4325	 flops 679590272.0
(0.0127, 0.2607, 0.8225)	Architecture [2-4409]	 Time 1.1088	 Loss 1.3592	 flops 679593088.0
(0.0127, 0.1331, 0.9053)	Architecture [2-4414]	 Time 1.0648	 Loss 1.3884	 flops 679576256.0
(0.0126, 0.1422, 0.8558)	Architecture [2-4419]	 Time 1.0235	 Loss 1.3719	 flops 679518272.0
(0.0126, 0.1665, 0.8563)	Architecture [2-4424]	 Time 1.0485	 Loss 1.4006	 flops 679441472.0
(0.0127, 0.1679, 0.8807)	Architecture [2-4429]	 Time 1.0762	 Loss 1.3724	 flops 679390208.0
(0.0324, 0.2756, 0.8964)	Architecture [2-4434]	 Time 1.2200	 Loss 1.4044	 flops 679335744.0
(0.0319, 0.1456, 0.8539)	Architecture [2-4439]	 Time 1.0458	 Loss 1.3848	 flops 679229888.0
(0.0205, 0.5372, 1.8365)	(0.0126, 0.5054, 1.8863)	(0.0175, 5.2059, 3.3266)	(0.0213, 5.2155, 2.9938)	(0.0194, 4.4937, 2.9282)	(0.0181, 0.7991, 3.1242)	(0.0127, 4.7424, 2.7391)	(0.0126, 5.5617, 2.7236)	